I, [2016-05-17T17:32:41.668560 #8217]  INFO -- : Started GET "/" for 163.44.173.124 at 2016-05-17 17:32:41 +0800
I, [2016-05-17T17:32:41.683615 #8217]  INFO -- : Processing by LocationsController#index as HTML
D, [2016-05-17T17:32:41.713978 #8217] DEBUG -- :   [1m[36mLocation Load (0.6ms)[0m  [1mSELECT "locations".* FROM "locations"[0m
I, [2016-05-17T17:32:41.714988 #8217]  INFO -- :   Rendered locations/index.html.erb within layouts/application (3.0ms)
I, [2016-05-17T17:32:41.715186 #8217]  INFO -- : Completed 500 Internal Server Error in 31ms (ActiveRecord: 0.6ms)
F, [2016-05-17T17:32:41.716809 #8217] FATAL -- : 
ActionView::Template::Error (SQLite3::SQLException: no such table: locations: SELECT "locations".* FROM "locations"):
     6:     <th>我们的根据地</th>
     7:   </tr>
     8: 
     9:   <% @locations.each do |location| %>
    10:     <tr>
    11:       <td><%= link_to location.name, location_path(location) %></td>
    12:       <td>
  app/views/locations/index.html.erb:9:in `_app_views_locations_index_html_erb___619385126024677613_20441140'


I, [2016-05-17T17:32:45.927851 #8217]  INFO -- : Started GET "/" for 163.44.173.124 at 2016-05-17 17:32:45 +0800
I, [2016-05-17T17:32:45.928714 #8217]  INFO -- : Processing by LocationsController#index as HTML
D, [2016-05-17T17:32:45.930151 #8217] DEBUG -- :   [1m[35mLocation Load (0.3ms)[0m  SELECT "locations".* FROM "locations"
I, [2016-05-17T17:32:45.930668 #8217]  INFO -- :   Rendered locations/index.html.erb within layouts/application (1.1ms)
I, [2016-05-17T17:32:45.930828 #8217]  INFO -- : Completed 500 Internal Server Error in 2ms (ActiveRecord: 0.3ms)
F, [2016-05-17T17:32:45.931904 #8217] FATAL -- : 
ActionView::Template::Error (SQLite3::SQLException: no such table: locations: SELECT "locations".* FROM "locations"):
     6:     <th>我们的根据地</th>
     7:   </tr>
     8: 
     9:   <% @locations.each do |location| %>
    10:     <tr>
    11:       <td><%= link_to location.name, location_path(location) %></td>
    12:       <td>
  app/views/locations/index.html.erb:9:in `_app_views_locations_index_html_erb___619385126024677613_20441140'


I, [2016-05-17T17:32:47.679011 #8217]  INFO -- : Started GET "/" for 163.44.173.124 at 2016-05-17 17:32:47 +0800
I, [2016-05-17T17:32:47.679878 #8217]  INFO -- : Processing by LocationsController#index as HTML
D, [2016-05-17T17:32:47.681450 #8217] DEBUG -- :   [1m[36mLocation Load (0.3ms)[0m  [1mSELECT "locations".* FROM "locations"[0m
I, [2016-05-17T17:32:47.682135 #8217]  INFO -- :   Rendered locations/index.html.erb within layouts/application (1.2ms)
I, [2016-05-17T17:32:47.682292 #8217]  INFO -- : Completed 500 Internal Server Error in 2ms (ActiveRecord: 0.3ms)
F, [2016-05-17T17:32:47.683811 #8217] FATAL -- : 
ActionView::Template::Error (SQLite3::SQLException: no such table: locations: SELECT "locations".* FROM "locations"):
     6:     <th>我们的根据地</th>
     7:   </tr>
     8: 
     9:   <% @locations.each do |location| %>
    10:     <tr>
    11:       <td><%= link_to location.name, location_path(location) %></td>
    12:       <td>
  app/views/locations/index.html.erb:9:in `_app_views_locations_index_html_erb___619385126024677613_20441140'


I, [2016-05-17T17:34:09.412982 #8217]  INFO -- : Started GET "/" for 163.44.173.124 at 2016-05-17 17:34:09 +0800
I, [2016-05-17T17:34:09.413683 #8217]  INFO -- : Processing by LocationsController#index as HTML
D, [2016-05-17T17:34:09.414899 #8217] DEBUG -- :   [1m[35mLocation Load (0.3ms)[0m  SELECT "locations".* FROM "locations"
I, [2016-05-17T17:34:09.415363 #8217]  INFO -- :   Rendered locations/index.html.erb within layouts/application (0.9ms)
I, [2016-05-17T17:34:09.415480 #8217]  INFO -- : Completed 500 Internal Server Error in 2ms (ActiveRecord: 0.3ms)
F, [2016-05-17T17:34:09.416512 #8217] FATAL -- : 
ActionView::Template::Error (SQLite3::SQLException: no such table: locations: SELECT "locations".* FROM "locations"):
     6:     <th>我们的根据地</th>
     7:   </tr>
     8: 
     9:   <% @locations.each do |location| %>
    10:     <tr>
    11:       <td><%= link_to location.name, location_path(location) %></td>
    12:       <td>
  app/views/locations/index.html.erb:9:in `_app_views_locations_index_html_erb___619385126024677613_20441140'


D, [2016-05-17T17:34:49.789488 #8749] DEBUG -- :   [1m[36m (3.0ms)[0m  [1mCREATE TABLE "locations" ("id" INTEGER PRIMARY KEY AUTOINCREMENT NOT NULL, "name" varchar, "password" varchar, "created_at" datetime NOT NULL, "updated_at" datetime NOT NULL) [0m
D, [2016-05-17T17:34:49.792701 #8749] DEBUG -- :   [1m[35m (2.6ms)[0m  CREATE TABLE "passes" ("id" INTEGER PRIMARY KEY AUTOINCREMENT NOT NULL, "serial_number" varchar, "authentication_token" varchar, "barcode_message" varchar, "user_name" varchar, "user_phone_number" varchar, "user_type" varchar, "salon_id" integer, "created_at" datetime NOT NULL, "updated_at" datetime NOT NULL) 
D, [2016-05-17T17:34:49.806196 #8749] DEBUG -- :   [1m[36m (0.1ms)[0m  [1mselect sqlite_version(*)[0m
D, [2016-05-17T17:34:49.809756 #8749] DEBUG -- :   [1m[35m (3.0ms)[0m  CREATE  INDEX "index_passes_on_salon_id" ON "passes" ("salon_id")
D, [2016-05-17T17:34:49.812174 #8749] DEBUG -- :   [1m[36m (1.7ms)[0m  [1mCREATE TABLE "salons" ("id" INTEGER PRIMARY KEY AUTOINCREMENT NOT NULL, "name" varchar, "topic" varchar, "detail_location" varchar, "time" varchar, "detail_info" text, "guests" text, "help" text, "about" text, "location_id" integer, "created_at" datetime NOT NULL, "updated_at" datetime NOT NULL) [0m
D, [2016-05-17T17:34:49.815854 #8749] DEBUG -- :   [1m[35m (3.2ms)[0m  CREATE  INDEX "index_salons_on_location_id" ON "salons" ("location_id")
D, [2016-05-17T17:34:49.823304 #8749] DEBUG -- :   [1m[36m (3.2ms)[0m  [1mCREATE TABLE "schema_migrations" ("version" varchar NOT NULL) [0m
D, [2016-05-17T17:34:49.826599 #8749] DEBUG -- :   [1m[35m (2.8ms)[0m  CREATE UNIQUE INDEX "unique_schema_migrations" ON "schema_migrations" ("version")
D, [2016-05-17T17:34:49.826895 #8749] DEBUG -- :   [1m[36m (0.1ms)[0m  [1mSELECT version FROM "schema_migrations"[0m
D, [2016-05-17T17:34:49.829615 #8749] DEBUG -- :   [1m[35m (2.6ms)[0m  INSERT INTO "schema_migrations" (version) VALUES ('20160516160124')
D, [2016-05-17T17:34:49.831933 #8749] DEBUG -- :   [1m[36m (2.2ms)[0m  [1mINSERT INTO "schema_migrations" (version) VALUES ('20160516111140')[0m
D, [2016-05-17T17:34:49.834300 #8749] DEBUG -- :   [1m[35m (2.3ms)[0m  INSERT INTO "schema_migrations" (version) VALUES ('20160516114946')
I, [2016-05-17T17:34:53.972559 #8217]  INFO -- : Started GET "/" for 163.44.173.124 at 2016-05-17 17:34:53 +0800
I, [2016-05-17T17:34:53.973452 #8217]  INFO -- : Processing by LocationsController#index as HTML
D, [2016-05-17T17:34:53.974900 #8217] DEBUG -- :   [1m[36mLocation Load (0.4ms)[0m  [1mSELECT "locations".* FROM "locations"[0m
I, [2016-05-17T17:34:53.978050 #8217]  INFO -- :   Rendered locations/index.html.erb within layouts/application (3.8ms)
I, [2016-05-17T17:34:53.979412 #8217]  INFO -- : Completed 200 OK in 6ms (Views: 4.7ms | ActiveRecord: 0.6ms)
I, [2016-05-17T17:34:55.560178 #8217]  INFO -- : Started GET "/" for 163.44.173.124 at 2016-05-17 17:34:55 +0800
I, [2016-05-17T17:34:55.561050 #8217]  INFO -- : Processing by LocationsController#index as HTML
D, [2016-05-17T17:34:55.562658 #8217] DEBUG -- :   [1m[35mLocation Load (0.2ms)[0m  SELECT "locations".* FROM "locations"
I, [2016-05-17T17:34:55.563023 #8217]  INFO -- :   Rendered locations/index.html.erb within layouts/application (0.9ms)
I, [2016-05-17T17:34:55.563708 #8217]  INFO -- : Completed 200 OK in 3ms (Views: 1.6ms | ActiveRecord: 0.2ms)
I, [2016-05-17T17:34:56.879358 #8217]  INFO -- : Started GET "/" for 163.44.173.124 at 2016-05-17 17:34:56 +0800
I, [2016-05-17T17:34:56.880192 #8217]  INFO -- : Processing by LocationsController#index as HTML
D, [2016-05-17T17:34:56.881484 #8217] DEBUG -- :   [1m[36mLocation Load (0.2ms)[0m  [1mSELECT "locations".* FROM "locations"[0m
I, [2016-05-17T17:34:56.881800 #8217]  INFO -- :   Rendered locations/index.html.erb within layouts/application (0.7ms)
I, [2016-05-17T17:34:56.882481 #8217]  INFO -- : Completed 200 OK in 2ms (Views: 1.4ms | ActiveRecord: 0.2ms)
I, [2016-05-17T17:34:57.788730 #8217]  INFO -- : Started GET "/locations/new" for 163.44.173.124 at 2016-05-17 17:34:57 +0800
I, [2016-05-17T17:34:57.789738 #8217]  INFO -- : Processing by LocationsController#new as HTML
I, [2016-05-17T17:34:57.809878 #8217]  INFO -- :   Rendered locations/_form.html.erb (6.6ms)
I, [2016-05-17T17:34:57.809986 #8217]  INFO -- :   Rendered locations/new.html.erb within layouts/application (8.0ms)
I, [2016-05-17T17:34:57.810675 #8217]  INFO -- : Completed 200 OK in 21ms (Views: 9.7ms | ActiveRecord: 0.3ms)
I, [2016-05-17T17:34:59.242108 #8214]  INFO -- : Started GET "/locations" for 163.44.173.124 at 2016-05-17 17:34:59 +0800
I, [2016-05-17T17:34:59.251114 #8214]  INFO -- : Processing by LocationsController#index as HTML
D, [2016-05-17T17:34:59.270115 #8214] DEBUG -- :   [1m[36mLocation Load (0.4ms)[0m  [1mSELECT "locations".* FROM "locations"[0m
I, [2016-05-17T17:34:59.272860 #8214]  INFO -- :   Rendered locations/index.html.erb within layouts/application (4.1ms)
I, [2016-05-17T17:34:59.273938 #8214]  INFO -- : Completed 200 OK in 23ms (Views: 7.3ms | ActiveRecord: 0.5ms)
I, [2016-05-17T17:34:59.903978 #8217]  INFO -- : Started GET "/locations" for 163.44.173.124 at 2016-05-17 17:34:59 +0800
I, [2016-05-17T17:34:59.904891 #8217]  INFO -- : Processing by LocationsController#index as HTML
D, [2016-05-17T17:34:59.906140 #8217] DEBUG -- :   [1m[35mLocation Load (0.1ms)[0m  SELECT "locations".* FROM "locations"
I, [2016-05-17T17:34:59.906452 #8217]  INFO -- :   Rendered locations/index.html.erb within layouts/application (0.7ms)
I, [2016-05-17T17:34:59.907043 #8217]  INFO -- : Completed 200 OK in 2ms (Views: 1.3ms | ActiveRecord: 0.1ms)
I, [2016-05-17T17:35:00.673172 #8217]  INFO -- : Started GET "/locations" for 163.44.173.124 at 2016-05-17 17:35:00 +0800
I, [2016-05-17T17:35:00.673995 #8217]  INFO -- : Processing by LocationsController#index as HTML
D, [2016-05-17T17:35:00.675333 #8217] DEBUG -- :   [1m[36mLocation Load (0.2ms)[0m  [1mSELECT "locations".* FROM "locations"[0m
I, [2016-05-17T17:35:00.675680 #8217]  INFO -- :   Rendered locations/index.html.erb within layouts/application (0.7ms)
I, [2016-05-17T17:35:00.676398 #8217]  INFO -- : Completed 200 OK in 2ms (Views: 1.4ms | ActiveRecord: 0.2ms)
I, [2016-05-17T17:35:13.182914 #8217]  INFO -- : Started GET "/locations/new" for 163.44.173.124 at 2016-05-17 17:35:13 +0800
I, [2016-05-17T17:35:13.183908 #8217]  INFO -- : Processing by LocationsController#new as HTML
I, [2016-05-17T17:35:13.186804 #8217]  INFO -- :   Rendered locations/_form.html.erb (1.8ms)
I, [2016-05-17T17:35:13.186927 #8217]  INFO -- :   Rendered locations/new.html.erb within layouts/application (2.0ms)
I, [2016-05-17T17:35:13.187620 #8217]  INFO -- : Completed 200 OK in 4ms (Views: 2.9ms | ActiveRecord: 0.0ms)
I, [2016-05-17T17:35:16.046027 #8217]  INFO -- : Started POST "/locations" for 163.44.173.124 at 2016-05-17 17:35:16 +0800
I, [2016-05-17T17:35:16.047336 #8217]  INFO -- : Processing by LocationsController#create as HTML
I, [2016-05-17T17:35:16.047506 #8217]  INFO -- :   Parameters: {"utf8"=>"✓", "authenticity_token"=>"O+4JPcgNUpso1jeyWSRWPKHvO5nw8PhzwwIrLBcLX5b8M2zL4sIarElGvDtvBAhfsRxDnzyPfweyktJdnnu9SA==", "location"=>{"name"=>"北京"}, "commit"=>"保存据点"}
D, [2016-05-17T17:35:16.049192 #8217] DEBUG -- :   [1m[35m (0.1ms)[0m  begin transaction
D, [2016-05-17T17:35:16.054245 #8217] DEBUG -- :   [1m[36mSQL (0.5ms)[0m  [1mINSERT INTO "locations" ("name", "created_at", "updated_at") VALUES (?, ?, ?)[0m  [["name", "北京"], ["created_at", "2016-05-17 09:35:16.049708"], ["updated_at", "2016-05-17 09:35:16.049708"]]
D, [2016-05-17T17:35:16.058031 #8217] DEBUG -- :   [1m[35m (3.1ms)[0m  commit transaction
I, [2016-05-17T17:35:16.058876 #8217]  INFO -- : Redirected to http://pass.dianqk.org/locations/1
I, [2016-05-17T17:35:16.059091 #8217]  INFO -- : Completed 302 Found in 11ms (ActiveRecord: 3.7ms)
I, [2016-05-17T17:35:16.158776 #8217]  INFO -- : Started GET "/locations/1" for 163.44.173.124 at 2016-05-17 17:35:16 +0800
I, [2016-05-17T17:35:16.159616 #8217]  INFO -- : Processing by LocationsController#show as HTML
I, [2016-05-17T17:35:16.159675 #8217]  INFO -- :   Parameters: {"id"=>"1"}
D, [2016-05-17T17:35:16.162890 #8217] DEBUG -- :   [1m[36mLocation Load (0.2ms)[0m  [1mSELECT  "locations".* FROM "locations" WHERE "locations"."id" = ? LIMIT 1[0m  [["id", 1]]
D, [2016-05-17T17:35:16.173453 #8217] DEBUG -- :   [1m[35mSalon Load (0.2ms)[0m  SELECT "salons".* FROM "salons" WHERE "salons"."location_id" = ?  [["location_id", 1]]
I, [2016-05-17T17:35:16.173781 #8217]  INFO -- :   Rendered collection (0.0ms)
I, [2016-05-17T17:35:16.190311 #8217]  INFO -- :   Rendered salons/_form.html.erb (16.0ms)
I, [2016-05-17T17:35:16.190442 #8217]  INFO -- :   Rendered locations/show.html.erb within layouts/application (26.1ms)
I, [2016-05-17T17:35:16.191116 #8217]  INFO -- : Completed 200 OK in 31ms (Views: 26.9ms | ActiveRecord: 0.6ms)
I, [2016-05-17T17:35:23.875033 #8217]  INFO -- : Started POST "/locations/1/salons" for 163.44.173.124 at 2016-05-17 17:35:23 +0800
I, [2016-05-17T17:35:23.876453 #8217]  INFO -- : Processing by SalonsController#create as HTML
I, [2016-05-17T17:35:23.876566 #8217]  INFO -- :   Parameters: {"utf8"=>"✓", "authenticity_token"=>"RmcF3+0qRYy0r6CSdY26z3bG4pMWEdhkWAaFazX4QwCBumApx+UNu9U/KxtDreSsZjWaldpuXxAplnwavIih3g==", "salon"=>{"name"=>"dd", "topic"=>"d", "time"=>"d", "detail_location"=>"d", "detail_info"=>"d", "guests"=>"d", "help"=>"d", "about"=>"我们是一个邀请制的 iOS 社区，想做点有价值、高质量的事，让每个参与者都有所收获。"}, "commit"=>"创建新一期沙龙", "location_id"=>"1"}
D, [2016-05-17T17:35:23.877341 #8217] DEBUG -- :   [1m[36mLocation Load (0.1ms)[0m  [1mSELECT  "locations".* FROM "locations" WHERE "locations"."id" = ? LIMIT 1[0m  [["id", 1]]
D, [2016-05-17T17:35:23.878213 #8217] DEBUG -- :   [1m[35m (0.1ms)[0m  begin transaction
D, [2016-05-17T17:35:23.879965 #8217] DEBUG -- :   [1m[36mSQL (0.2ms)[0m  [1mINSERT INTO "salons" ("name", "topic", "detail_location", "time", "detail_info", "guests", "help", "about", "location_id", "created_at", "updated_at") VALUES (?, ?, ?, ?, ?, ?, ?, ?, ?, ?, ?)[0m  [["name", "dd"], ["topic", "d"], ["detail_location", "d"], ["time", "d"], ["detail_info", "d"], ["guests", "d"], ["help", "d"], ["about", "我们是一个邀请制的 iOS 社区，想做点有价值、高质量的事，让每个参与者都有所收获。"], ["location_id", 1], ["created_at", "2016-05-17 09:35:23.879067"], ["updated_at", "2016-05-17 09:35:23.879067"]]
D, [2016-05-17T17:35:23.884356 #8217] DEBUG -- :   [1m[35m (4.0ms)[0m  commit transaction
D, [2016-05-17T17:35:23.884770 #8217] DEBUG -- :   [1m[36m (0.1ms)[0m  [1mbegin transaction[0m
D, [2016-05-17T17:35:23.885573 #8217] DEBUG -- :   [1m[35m (0.1ms)[0m  commit transaction
I, [2016-05-17T17:35:23.886228 #8217]  INFO -- : Redirected to http://pass.dianqk.org/locations/1
I, [2016-05-17T17:35:23.886452 #8217]  INFO -- : Completed 302 Found in 10ms (ActiveRecord: 4.5ms)
I, [2016-05-17T17:35:23.987111 #8217]  INFO -- : Started GET "/locations/1" for 163.44.173.124 at 2016-05-17 17:35:23 +0800
I, [2016-05-17T17:35:23.988116 #8217]  INFO -- : Processing by LocationsController#show as HTML
I, [2016-05-17T17:35:23.988187 #8217]  INFO -- :   Parameters: {"id"=>"1"}
D, [2016-05-17T17:35:23.989233 #8217] DEBUG -- :   [1m[36mLocation Load (0.2ms)[0m  [1mSELECT  "locations".* FROM "locations" WHERE "locations"."id" = ? LIMIT 1[0m  [["id", 1]]
D, [2016-05-17T17:35:23.991146 #8217] DEBUG -- :   [1m[35mSalon Load (0.1ms)[0m  SELECT "salons".* FROM "salons" WHERE "salons"."location_id" = ?  [["location_id", 1]]
I, [2016-05-17T17:35:23.994326 #8217]  INFO -- :   Rendered salons/_salon.html.erb (1.6ms)
I, [2016-05-17T17:35:23.999892 #8217]  INFO -- :   Rendered salons/_form.html.erb (5.4ms)
I, [2016-05-17T17:35:24.000013 #8217]  INFO -- :   Rendered locations/show.html.erb within layouts/application (10.1ms)
I, [2016-05-17T17:35:24.000826 #8217]  INFO -- : Completed 200 OK in 13ms (Views: 11.0ms | ActiveRecord: 0.3ms)
I, [2016-05-17T17:35:25.813816 #8217]  INFO -- : Started GET "/locations/1/salons/1" for 163.44.173.124 at 2016-05-17 17:35:25 +0800
I, [2016-05-17T17:35:25.814629 #8217]  INFO -- : Processing by SalonsController#show as HTML
I, [2016-05-17T17:35:25.814685 #8217]  INFO -- :   Parameters: {"location_id"=>"1", "id"=>"1"}
D, [2016-05-17T17:35:25.815826 #8217] DEBUG -- :   [1m[36mSalon Load (0.2ms)[0m  [1mSELECT  "salons".* FROM "salons" WHERE "salons"."id" = ? LIMIT 1[0m  [["id", 1]]
D, [2016-05-17T17:35:25.820502 #8217] DEBUG -- :   [1m[35mLocation Load (0.1ms)[0m  SELECT  "locations".* FROM "locations" WHERE "locations"."id" = ? LIMIT 1  [["id", 1]]
D, [2016-05-17T17:35:25.822597 #8217] DEBUG -- :   [1m[36mPass Load (0.1ms)[0m  [1mSELECT "passes".* FROM "passes" WHERE "passes"."salon_id" = ?[0m  [["salon_id", 1]]
I, [2016-05-17T17:35:25.822834 #8217]  INFO -- :   Rendered collection (0.0ms)
I, [2016-05-17T17:35:25.832409 #8217]  INFO -- :   Rendered passes/_form.html.erb (8.8ms)
I, [2016-05-17T17:35:25.832517 #8217]  INFO -- :   Rendered salons/show.html.erb within layouts/application (13.5ms)
I, [2016-05-17T17:35:25.833102 #8217]  INFO -- : Completed 200 OK in 18ms (Views: 16.6ms | ActiveRecord: 0.6ms)
I, [2016-05-17T17:35:28.416199 #8217]  INFO -- : Started POST "/salons/1/passes" for 163.44.173.124 at 2016-05-17 17:35:28 +0800
I, [2016-05-17T17:35:28.418063 #8217]  INFO -- : Processing by PassesController#create as HTML
I, [2016-05-17T17:35:28.418138 #8217]  INFO -- :   Parameters: {"utf8"=>"✓", "authenticity_token"=>"YpK/w1Pt4ylSHqnduI99rv70J9iNTNe57+nMOFxwh+GlT9o1eSKrHjOOIlSOryPN7gdf3kEzUM2eeTVJ1QBlPw==", "pass"=>{"user_name"=>"d", "user_phone_number"=>"d", "user_type"=>"d"}, "commit"=>"创建Pass", "salon_id"=>"1"}
D, [2016-05-17T17:35:28.419036 #8217] DEBUG -- :   [1m[35mSalon Load (0.1ms)[0m  SELECT  "salons".* FROM "salons" WHERE "salons"."id" = ? LIMIT 1  [["id", 1]]
D, [2016-05-17T17:35:28.419906 #8217] DEBUG -- :   [1m[36m (0.1ms)[0m  [1mbegin transaction[0m
D, [2016-05-17T17:35:28.421476 #8217] DEBUG -- :   [1m[35mSQL (0.2ms)[0m  INSERT INTO "passes" ("user_name", "user_phone_number", "user_type", "salon_id", "created_at", "updated_at") VALUES (?, ?, ?, ?, ?, ?)  [["user_name", "d"], ["user_phone_number", "d"], ["user_type", "d"], ["salon_id", 1], ["created_at", "2016-05-17 09:35:28.420624"], ["updated_at", "2016-05-17 09:35:28.420624"]]
D, [2016-05-17T17:35:28.424729 #8217] DEBUG -- :   [1m[36m (2.9ms)[0m  [1mcommit transaction[0m
D, [2016-05-17T17:35:28.425025 #8217] DEBUG -- :   [1m[35m (0.0ms)[0m  begin transaction
D, [2016-05-17T17:35:28.426511 #8217] DEBUG -- :   [1m[36mSQL (0.1ms)[0m  [1mUPDATE "passes" SET "serial_number" = ?, "authentication_token" = ?, "barcode_message" = ?, "updated_at" = ? WHERE "passes"."id" = ?[0m  [["serial_number", "6c17682a0962bc4f3b6ff8c03cf4e111"], ["authentication_token", "b15cf31742879d5a9617dc728ff637b0"], ["barcode_message", "d07e8ce067ade522c05bee7eb72ad0dc"], ["updated_at", "2016-05-17 09:35:28.425216"], ["id", 1]]
D, [2016-05-17T17:35:28.430286 #8217] DEBUG -- :   [1m[35m (3.5ms)[0m  commit transaction
I, [2016-05-17T17:35:28.430792 #8217]  INFO -- : Redirected to http://pass.dianqk.org/salons/1
I, [2016-05-17T17:35:28.430945 #8217]  INFO -- : Completed 302 Found in 13ms (ActiveRecord: 7.0ms)
I, [2016-05-17T17:35:28.529495 #8217]  INFO -- : Started GET "/salons/1" for 163.44.173.124 at 2016-05-17 17:35:28 +0800
I, [2016-05-17T17:35:28.530428 #8217]  INFO -- : Processing by SalonsController#show as HTML
I, [2016-05-17T17:35:28.530517 #8217]  INFO -- :   Parameters: {"id"=>"1"}
D, [2016-05-17T17:35:28.531259 #8217] DEBUG -- :   [1m[36mSalon Load (0.2ms)[0m  [1mSELECT  "salons".* FROM "salons" WHERE "salons"."id" = ? LIMIT 1[0m  [["id", 1]]
D, [2016-05-17T17:35:28.532636 #8217] DEBUG -- :   [1m[35mLocation Load (0.1ms)[0m  SELECT  "locations".* FROM "locations" WHERE "locations"."id" = ? LIMIT 1  [["id", 1]]
D, [2016-05-17T17:35:28.533420 #8217] DEBUG -- :   [1m[36mPass Load (0.1ms)[0m  [1mSELECT "passes".* FROM "passes" WHERE "passes"."salon_id" = ?[0m  [["salon_id", 1]]
I, [2016-05-17T17:35:28.535853 #8217]  INFO -- :   Rendered passes/_pass.html.erb (1.0ms)
I, [2016-05-17T17:35:28.537979 #8217]  INFO -- :   Rendered passes/_form.html.erb (2.0ms)
I, [2016-05-17T17:35:28.538058 #8217]  INFO -- :   Rendered salons/show.html.erb within layouts/application (6.3ms)
I, [2016-05-17T17:35:28.538809 #8217]  INFO -- : Completed 200 OK in 8ms (Views: 7.0ms | ActiveRecord: 0.4ms)
I, [2016-05-17T17:35:30.023049 #8214]  INFO -- : Started GET "/passes/1" for 163.44.173.124 at 2016-05-17 17:35:30 +0800
I, [2016-05-17T17:35:30.025561 #8214]  INFO -- : Processing by PassesController#show as HTML
I, [2016-05-17T17:35:30.025666 #8214]  INFO -- :   Parameters: {"id"=>"1"}
D, [2016-05-17T17:35:30.034260 #8214] DEBUG -- :   [1m[35mPass Load (0.3ms)[0m  SELECT  "passes".* FROM "passes" WHERE "passes"."id" = ? LIMIT 1  [["id", 1]]
D, [2016-05-17T17:35:30.059401 #8214] DEBUG -- :   [1m[36mSalon Load (0.2ms)[0m  [1mSELECT  "salons".* FROM "salons" WHERE "salons"."id" = ? LIMIT 1[0m  [["id", 1]]
D, [2016-05-17T17:35:30.070665 #8214] DEBUG -- :   [1m[35mLocation Load (0.2ms)[0m  SELECT  "locations".* FROM "locations" WHERE "locations"."id" = ? LIMIT 1  [["id", 1]]
I, [2016-05-17T17:35:30.090129 #8214]  INFO -- : Sent file /root/PassServer/public/assets/passes//6c17682a0962bc4f3b6ff8c03cf4e111.pkpass (0.1ms)
I, [2016-05-17T17:35:30.090335 #8214]  INFO -- : Completed 200 OK in 65ms (ActiveRecord: 1.8ms)
I, [2016-05-17T17:35:44.426035 #8217]  INFO -- : Started GET "/" for 119.81.144.220 at 2016-05-17 17:35:44 +0800
I, [2016-05-17T17:35:44.427055 #8217]  INFO -- : Processing by LocationsController#index as HTML
D, [2016-05-17T17:35:44.428390 #8217] DEBUG -- :   [1m[35mLocation Load (0.2ms)[0m  SELECT "locations".* FROM "locations"
I, [2016-05-17T17:35:44.429125 #8217]  INFO -- :   Rendered locations/index.html.erb within layouts/application (1.2ms)
I, [2016-05-17T17:35:44.429961 #8217]  INFO -- : Completed 200 OK in 3ms (Views: 2.0ms | ActiveRecord: 0.2ms)
I, [2016-05-17T17:35:49.181900 #8214]  INFO -- : Started GET "/locations/1" for 119.81.144.220 at 2016-05-17 17:35:49 +0800
I, [2016-05-17T17:35:49.182858 #8214]  INFO -- : Processing by LocationsController#show as HTML
I, [2016-05-17T17:35:49.182909 #8214]  INFO -- :   Parameters: {"id"=>"1"}
D, [2016-05-17T17:35:49.184019 #8214] DEBUG -- :   [1m[36mLocation Load (0.1ms)[0m  [1mSELECT  "locations".* FROM "locations" WHERE "locations"."id" = ? LIMIT 1[0m  [["id", 1]]
D, [2016-05-17T17:35:49.191001 #8214] DEBUG -- :   [1m[35mSalon Load (0.2ms)[0m  SELECT "salons".* FROM "salons" WHERE "salons"."location_id" = ?  [["location_id", 1]]
I, [2016-05-17T17:35:49.193702 #8214]  INFO -- :   Rendered salons/_salon.html.erb (2.0ms)
I, [2016-05-17T17:35:49.201532 #8214]  INFO -- :   Rendered salons/_form.html.erb (7.4ms)
I, [2016-05-17T17:35:49.201633 #8214]  INFO -- :   Rendered locations/show.html.erb within layouts/application (16.8ms)
I, [2016-05-17T17:35:49.202173 #8214]  INFO -- : Completed 200 OK in 19ms (Views: 17.6ms | ActiveRecord: 0.3ms)
I, [2016-05-17T17:35:51.259753 #8214]  INFO -- : Started GET "/locations/1/salons/1" for 119.81.144.220 at 2016-05-17 17:35:51 +0800
I, [2016-05-17T17:35:51.262834 #8214]  INFO -- : Processing by SalonsController#show as HTML
I, [2016-05-17T17:35:51.262935 #8214]  INFO -- :   Parameters: {"location_id"=>"1", "id"=>"1"}
D, [2016-05-17T17:35:51.264741 #8214] DEBUG -- :   [1m[36mSalon Load (0.2ms)[0m  [1mSELECT  "salons".* FROM "salons" WHERE "salons"."id" = ? LIMIT 1[0m  [["id", 1]]
D, [2016-05-17T17:35:51.270997 #8214] DEBUG -- :   [1m[35mLocation Load (0.1ms)[0m  SELECT  "locations".* FROM "locations" WHERE "locations"."id" = ? LIMIT 1  [["id", 1]]
D, [2016-05-17T17:35:51.274096 #8214] DEBUG -- :   [1m[36mPass Load (0.2ms)[0m  [1mSELECT "passes".* FROM "passes" WHERE "passes"."salon_id" = ?[0m  [["salon_id", 1]]
I, [2016-05-17T17:35:51.277224 #8214]  INFO -- :   Rendered passes/_pass.html.erb (1.9ms)
I, [2016-05-17T17:35:51.282684 #8214]  INFO -- :   Rendered passes/_form.html.erb (4.6ms)
I, [2016-05-17T17:35:51.282833 #8214]  INFO -- :   Rendered salons/show.html.erb within layouts/application (13.7ms)
I, [2016-05-17T17:35:51.283703 #8214]  INFO -- : Completed 200 OK in 21ms (Views: 18.1ms | ActiveRecord: 0.6ms)
I, [2016-05-17T17:35:53.346356 #8214]  INFO -- : Started GET "/passes/1" for 119.81.144.220 at 2016-05-17 17:35:53 +0800
I, [2016-05-17T17:35:53.347565 #8214]  INFO -- : Processing by PassesController#show as HTML
I, [2016-05-17T17:35:53.347665 #8214]  INFO -- :   Parameters: {"id"=>"1"}
D, [2016-05-17T17:35:53.348739 #8214] DEBUG -- :   [1m[35mPass Load (0.2ms)[0m  SELECT  "passes".* FROM "passes" WHERE "passes"."id" = ? LIMIT 1  [["id", 1]]
D, [2016-05-17T17:35:53.349700 #8214] DEBUG -- :   [1m[36mSalon Load (0.1ms)[0m  [1mSELECT  "salons".* FROM "salons" WHERE "salons"."id" = ? LIMIT 1[0m  [["id", 1]]
D, [2016-05-17T17:35:53.350491 #8214] DEBUG -- :   [1m[35mLocation Load (0.1ms)[0m  SELECT  "locations".* FROM "locations" WHERE "locations"."id" = ? LIMIT 1  [["id", 1]]
I, [2016-05-17T17:35:53.367067 #8214]  INFO -- : Sent file /root/PassServer/public/assets/passes//6c17682a0962bc4f3b6ff8c03cf4e111.pkpass (0.1ms)
I, [2016-05-17T17:35:53.367260 #8214]  INFO -- : Completed 200 OK in 19ms (ActiveRecord: 0.4ms)
I, [2016-05-17T17:35:56.538318 #8214]  INFO -- : Started GET "/passes/1" for 119.81.144.220 at 2016-05-17 17:35:56 +0800
I, [2016-05-17T17:35:56.539067 #8214]  INFO -- : Processing by PassesController#show as HTML
I, [2016-05-17T17:35:56.539119 #8214]  INFO -- :   Parameters: {"id"=>"1"}
D, [2016-05-17T17:35:56.539865 #8214] DEBUG -- :   [1m[36mPass Load (0.1ms)[0m  [1mSELECT  "passes".* FROM "passes" WHERE "passes"."id" = ? LIMIT 1[0m  [["id", 1]]
D, [2016-05-17T17:35:56.540449 #8214] DEBUG -- :   [1m[35mSalon Load (0.1ms)[0m  SELECT  "salons".* FROM "salons" WHERE "salons"."id" = ? LIMIT 1  [["id", 1]]
D, [2016-05-17T17:35:56.540995 #8214] DEBUG -- :   [1m[36mLocation Load (0.1ms)[0m  [1mSELECT  "locations".* FROM "locations" WHERE "locations"."id" = ? LIMIT 1[0m  [["id", 1]]
I, [2016-05-17T17:35:56.551152 #8214]  INFO -- : Sent file /root/PassServer/public/assets/passes//6c17682a0962bc4f3b6ff8c03cf4e111.pkpass (0.1ms)
I, [2016-05-17T17:35:56.551276 #8214]  INFO -- : Completed 200 OK in 12ms (ActiveRecord: 0.2ms)
I, [2016-05-17T17:35:59.145991 #8214]  INFO -- : Started GET "/passes/1" for 119.81.144.220 at 2016-05-17 17:35:59 +0800
I, [2016-05-17T17:35:59.147039 #8214]  INFO -- : Processing by PassesController#show as HTML
I, [2016-05-17T17:35:59.147117 #8214]  INFO -- :   Parameters: {"id"=>"1"}
D, [2016-05-17T17:35:59.148106 #8214] DEBUG -- :   [1m[35mPass Load (0.2ms)[0m  SELECT  "passes".* FROM "passes" WHERE "passes"."id" = ? LIMIT 1  [["id", 1]]
D, [2016-05-17T17:35:59.148976 #8214] DEBUG -- :   [1m[36mSalon Load (0.1ms)[0m  [1mSELECT  "salons".* FROM "salons" WHERE "salons"."id" = ? LIMIT 1[0m  [["id", 1]]
D, [2016-05-17T17:35:59.149694 #8214] DEBUG -- :   [1m[35mLocation Load (0.1ms)[0m  SELECT  "locations".* FROM "locations" WHERE "locations"."id" = ? LIMIT 1  [["id", 1]]
I, [2016-05-17T17:35:59.164156 #8214]  INFO -- : Sent file /root/PassServer/public/assets/passes//6c17682a0962bc4f3b6ff8c03cf4e111.pkpass (0.1ms)
I, [2016-05-17T17:35:59.164360 #8214]  INFO -- : Completed 200 OK in 17ms (ActiveRecord: 0.3ms)
I, [2016-05-17T17:36:01.257642 #8214]  INFO -- : Started GET "/salons/1/passes/1" for 119.81.144.220 at 2016-05-17 17:36:01 +0800
I, [2016-05-17T17:36:01.258594 #8214]  INFO -- : Processing by PassesController#show as HTML
I, [2016-05-17T17:36:01.258670 #8214]  INFO -- :   Parameters: {"salon_id"=>"1", "id"=>"1"}
D, [2016-05-17T17:36:01.259391 #8214] DEBUG -- :   [1m[36mPass Load (0.1ms)[0m  [1mSELECT  "passes".* FROM "passes" WHERE "passes"."id" = ? LIMIT 1[0m  [["id", 1]]
D, [2016-05-17T17:36:01.260125 #8214] DEBUG -- :   [1m[35mSalon Load (0.1ms)[0m  SELECT  "salons".* FROM "salons" WHERE "salons"."id" = ? LIMIT 1  [["id", 1]]
D, [2016-05-17T17:36:01.260757 #8214] DEBUG -- :   [1m[36mLocation Load (0.1ms)[0m  [1mSELECT  "locations".* FROM "locations" WHERE "locations"."id" = ? LIMIT 1[0m  [["id", 1]]
I, [2016-05-17T17:36:01.272975 #8214]  INFO -- : Sent file /root/PassServer/public/assets/passes//6c17682a0962bc4f3b6ff8c03cf4e111.pkpass (0.1ms)
I, [2016-05-17T17:36:01.273163 #8214]  INFO -- : Completed 200 OK in 14ms (ActiveRecord: 0.3ms)
I, [2016-05-17T17:36:03.710197 #8214]  INFO -- : Started GET "/salons/1/passes/1" for 119.81.144.220 at 2016-05-17 17:36:03 +0800
I, [2016-05-17T17:36:03.711024 #8214]  INFO -- : Processing by PassesController#show as HTML
I, [2016-05-17T17:36:03.711081 #8214]  INFO -- :   Parameters: {"salon_id"=>"1", "id"=>"1"}
D, [2016-05-17T17:36:03.711865 #8214] DEBUG -- :   [1m[35mPass Load (0.1ms)[0m  SELECT  "passes".* FROM "passes" WHERE "passes"."id" = ? LIMIT 1  [["id", 1]]
D, [2016-05-17T17:36:03.712523 #8214] DEBUG -- :   [1m[36mSalon Load (0.1ms)[0m  [1mSELECT  "salons".* FROM "salons" WHERE "salons"."id" = ? LIMIT 1[0m  [["id", 1]]
D, [2016-05-17T17:36:03.713004 #8214] DEBUG -- :   [1m[35mLocation Load (0.0ms)[0m  SELECT  "locations".* FROM "locations" WHERE "locations"."id" = ? LIMIT 1  [["id", 1]]
I, [2016-05-17T17:36:03.729616 #8214]  INFO -- : Sent file /root/PassServer/public/assets/passes//6c17682a0962bc4f3b6ff8c03cf4e111.pkpass (0.1ms)
I, [2016-05-17T17:36:03.729784 #8214]  INFO -- : Completed 200 OK in 19ms (ActiveRecord: 0.2ms)
I, [2016-05-17T17:36:05.777361 #8214]  INFO -- : Started GET "/salons/1" for 119.81.144.220 at 2016-05-17 17:36:05 +0800
I, [2016-05-17T17:36:05.778419 #8214]  INFO -- : Processing by SalonsController#show as HTML
I, [2016-05-17T17:36:05.778522 #8214]  INFO -- :   Parameters: {"id"=>"1"}
D, [2016-05-17T17:36:05.779442 #8214] DEBUG -- :   [1m[36mSalon Load (0.1ms)[0m  [1mSELECT  "salons".* FROM "salons" WHERE "salons"."id" = ? LIMIT 1[0m  [["id", 1]]
D, [2016-05-17T17:36:05.780981 #8214] DEBUG -- :   [1m[35mLocation Load (0.1ms)[0m  SELECT  "locations".* FROM "locations" WHERE "locations"."id" = ? LIMIT 1  [["id", 1]]
D, [2016-05-17T17:36:05.782083 #8214] DEBUG -- :   [1m[36mPass Load (0.1ms)[0m  [1mSELECT "passes".* FROM "passes" WHERE "passes"."salon_id" = ?[0m  [["salon_id", 1]]
I, [2016-05-17T17:36:05.782948 #8214]  INFO -- :   Rendered passes/_pass.html.erb (0.5ms)
I, [2016-05-17T17:36:05.785793 #8214]  INFO -- :   Rendered passes/_form.html.erb (2.6ms)
I, [2016-05-17T17:36:05.785911 #8214]  INFO -- :   Rendered salons/show.html.erb within layouts/application (5.8ms)
I, [2016-05-17T17:36:05.786637 #8214]  INFO -- : Completed 200 OK in 8ms (Views: 6.6ms | ActiveRecord: 0.3ms)
I, [2016-05-17T17:36:07.498224 #8217]  INFO -- : Started GET "/locations/1" for 119.81.144.220 at 2016-05-17 17:36:07 +0800
I, [2016-05-17T17:36:07.499373 #8217]  INFO -- : Processing by LocationsController#show as HTML
I, [2016-05-17T17:36:07.499450 #8217]  INFO -- :   Parameters: {"id"=>"1"}
D, [2016-05-17T17:36:07.500428 #8217] DEBUG -- :   [1m[36mLocation Load (0.1ms)[0m  [1mSELECT  "locations".* FROM "locations" WHERE "locations"."id" = ? LIMIT 1[0m  [["id", 1]]
D, [2016-05-17T17:36:07.502391 #8217] DEBUG -- :   [1m[35mSalon Load (0.2ms)[0m  SELECT "salons".* FROM "salons" WHERE "salons"."location_id" = ?  [["location_id", 1]]
I, [2016-05-17T17:36:07.503510 #8217]  INFO -- :   Rendered salons/_salon.html.erb (0.6ms)
I, [2016-05-17T17:36:07.509260 #8217]  INFO -- :   Rendered salons/_form.html.erb (5.5ms)
I, [2016-05-17T17:36:07.509395 #8217]  INFO -- :   Rendered locations/show.html.erb within layouts/application (8.3ms)
I, [2016-05-17T17:36:07.510139 #8217]  INFO -- : Completed 200 OK in 11ms (Views: 9.1ms | ActiveRecord: 0.3ms)
I, [2016-05-17T17:36:10.750413 #8217]  INFO -- : Started GET "/passes/1" for 163.44.173.124 at 2016-05-17 17:36:10 +0800
I, [2016-05-17T17:36:10.751832 #8217]  INFO -- : Processing by PassesController#show as HTML
I, [2016-05-17T17:36:10.751937 #8217]  INFO -- :   Parameters: {"id"=>"1"}
D, [2016-05-17T17:36:10.754070 #8217] DEBUG -- :   [1m[36mPass Load (0.3ms)[0m  [1mSELECT  "passes".* FROM "passes" WHERE "passes"."id" = ? LIMIT 1[0m  [["id", 1]]
D, [2016-05-17T17:36:10.755732 #8217] DEBUG -- :   [1m[35mSalon Load (0.2ms)[0m  SELECT  "salons".* FROM "salons" WHERE "salons"."id" = ? LIMIT 1  [["id", 1]]
D, [2016-05-17T17:36:10.756714 #8217] DEBUG -- :   [1m[36mLocation Load (0.2ms)[0m  [1mSELECT  "locations".* FROM "locations" WHERE "locations"."id" = ? LIMIT 1[0m  [["id", 1]]
I, [2016-05-17T17:36:10.775443 #8217]  INFO -- : Sent file /root/PassServer/public/assets/passes//6c17682a0962bc4f3b6ff8c03cf4e111.pkpass (0.1ms)
I, [2016-05-17T17:36:10.775716 #8217]  INFO -- : Completed 200 OK in 24ms (ActiveRecord: 0.6ms)
I, [2016-05-17T17:36:18.898871 #8214]  INFO -- : Started GET "/passes/1" for 163.44.173.124 at 2016-05-17 17:36:18 +0800
I, [2016-05-17T17:36:18.899924 #8214]  INFO -- : Processing by PassesController#show as */*
I, [2016-05-17T17:36:18.900006 #8214]  INFO -- :   Parameters: {"id"=>"1"}
D, [2016-05-17T17:36:18.900951 #8214] DEBUG -- :   [1m[35mPass Load (0.1ms)[0m  SELECT  "passes".* FROM "passes" WHERE "passes"."id" = ? LIMIT 1  [["id", 1]]
D, [2016-05-17T17:36:18.901838 #8214] DEBUG -- :   [1m[36mSalon Load (0.1ms)[0m  [1mSELECT  "salons".* FROM "salons" WHERE "salons"."id" = ? LIMIT 1[0m  [["id", 1]]
D, [2016-05-17T17:36:18.902555 #8214] DEBUG -- :   [1m[35mLocation Load (0.1ms)[0m  SELECT  "locations".* FROM "locations" WHERE "locations"."id" = ? LIMIT 1  [["id", 1]]
I, [2016-05-17T17:36:18.922604 #8214]  INFO -- : Sent file /root/PassServer/public/assets/passes//6c17682a0962bc4f3b6ff8c03cf4e111.pkpass (0.1ms)
I, [2016-05-17T17:36:18.922811 #8214]  INFO -- : Completed 200 OK in 23ms (ActiveRecord: 0.3ms)
I, [2016-05-17T17:36:29.149356 #8217]  INFO -- : Started GET "/locations" for 119.81.144.220 at 2016-05-17 17:36:29 +0800
I, [2016-05-17T17:36:29.150215 #8217]  INFO -- : Processing by LocationsController#index as HTML
D, [2016-05-17T17:36:29.151531 #8217] DEBUG -- :   [1m[35mLocation Load (0.2ms)[0m  SELECT "locations".* FROM "locations"
I, [2016-05-17T17:36:29.152198 #8217]  INFO -- :   Rendered locations/index.html.erb within layouts/application (1.1ms)
I, [2016-05-17T17:36:29.152827 #8217]  INFO -- : Completed 200 OK in 3ms (Views: 1.8ms | ActiveRecord: 0.2ms)
I, [2016-05-17T17:36:32.987782 #8217]  INFO -- : Started GET "/locations/1" for 119.81.144.220 at 2016-05-17 17:36:32 +0800
I, [2016-05-17T17:36:32.988950 #8217]  INFO -- : Processing by LocationsController#show as HTML
I, [2016-05-17T17:36:32.989040 #8217]  INFO -- :   Parameters: {"id"=>"1"}
D, [2016-05-17T17:36:32.990137 #8217] DEBUG -- :   [1m[36mLocation Load (0.2ms)[0m  [1mSELECT  "locations".* FROM "locations" WHERE "locations"."id" = ? LIMIT 1[0m  [["id", 1]]
D, [2016-05-17T17:36:32.992410 #8217] DEBUG -- :   [1m[35mSalon Load (0.1ms)[0m  SELECT "salons".* FROM "salons" WHERE "salons"."location_id" = ?  [["location_id", 1]]
I, [2016-05-17T17:36:32.993693 #8217]  INFO -- :   Rendered salons/_salon.html.erb (0.7ms)
I, [2016-05-17T17:36:33.000438 #8217]  INFO -- :   Rendered salons/_form.html.erb (6.5ms)
I, [2016-05-17T17:36:33.000625 #8217]  INFO -- :   Rendered locations/show.html.erb within layouts/application (9.6ms)
I, [2016-05-17T17:36:33.001410 #8217]  INFO -- : Completed 200 OK in 12ms (Views: 10.6ms | ActiveRecord: 0.3ms)
I, [2016-05-17T17:36:34.951047 #8217]  INFO -- : Started GET "/locations/1/salons/1" for 119.81.144.220 at 2016-05-17 17:36:34 +0800
I, [2016-05-17T17:36:34.952289 #8217]  INFO -- : Processing by SalonsController#show as HTML
I, [2016-05-17T17:36:34.952413 #8217]  INFO -- :   Parameters: {"location_id"=>"1", "id"=>"1"}
D, [2016-05-17T17:36:34.953608 #8217] DEBUG -- :   [1m[36mSalon Load (0.2ms)[0m  [1mSELECT  "salons".* FROM "salons" WHERE "salons"."id" = ? LIMIT 1[0m  [["id", 1]]
D, [2016-05-17T17:36:34.955725 #8217] DEBUG -- :   [1m[35mLocation Load (0.1ms)[0m  SELECT  "locations".* FROM "locations" WHERE "locations"."id" = ? LIMIT 1  [["id", 1]]
D, [2016-05-17T17:36:34.957199 #8217] DEBUG -- :   [1m[36mPass Load (0.1ms)[0m  [1mSELECT "passes".* FROM "passes" WHERE "passes"."salon_id" = ?[0m  [["salon_id", 1]]
I, [2016-05-17T17:36:34.958335 #8217]  INFO -- :   Rendered passes/_pass.html.erb (0.6ms)
I, [2016-05-17T17:36:34.962269 #8217]  INFO -- :   Rendered passes/_form.html.erb (3.6ms)
I, [2016-05-17T17:36:34.962410 #8217]  INFO -- :   Rendered salons/show.html.erb within layouts/application (8.0ms)
I, [2016-05-17T17:36:34.963383 #8217]  INFO -- : Completed 200 OK in 11ms (Views: 9.1ms | ActiveRecord: 0.4ms)
I, [2016-05-17T17:36:37.095407 #8214]  INFO -- : Started GET "/passes/1" for 119.81.144.220 at 2016-05-17 17:36:37 +0800
I, [2016-05-17T17:36:37.096441 #8214]  INFO -- : Processing by PassesController#show as HTML
I, [2016-05-17T17:36:37.096545 #8214]  INFO -- :   Parameters: {"id"=>"1"}
D, [2016-05-17T17:36:37.097519 #8214] DEBUG -- :   [1m[36mPass Load (0.1ms)[0m  [1mSELECT  "passes".* FROM "passes" WHERE "passes"."id" = ? LIMIT 1[0m  [["id", 1]]
D, [2016-05-17T17:36:37.098386 #8214] DEBUG -- :   [1m[35mSalon Load (0.1ms)[0m  SELECT  "salons".* FROM "salons" WHERE "salons"."id" = ? LIMIT 1  [["id", 1]]
D, [2016-05-17T17:36:37.099243 #8214] DEBUG -- :   [1m[36mLocation Load (0.1ms)[0m  [1mSELECT  "locations".* FROM "locations" WHERE "locations"."id" = ? LIMIT 1[0m  [["id", 1]]
I, [2016-05-17T17:36:37.114661 #8214]  INFO -- : Sent file /root/PassServer/public/assets/passes//6c17682a0962bc4f3b6ff8c03cf4e111.pkpass (0.1ms)
I, [2016-05-17T17:36:37.114833 #8214]  INFO -- : Completed 200 OK in 18ms (ActiveRecord: 0.3ms)
I, [2016-05-17T17:36:41.950539 #8214]  INFO -- : Started GET "/salons/1/passes/1" for 119.81.144.220 at 2016-05-17 17:36:41 +0800
I, [2016-05-17T17:36:41.951632 #8214]  INFO -- : Processing by PassesController#show as HTML
I, [2016-05-17T17:36:41.951708 #8214]  INFO -- :   Parameters: {"salon_id"=>"1", "id"=>"1"}
D, [2016-05-17T17:36:41.952785 #8214] DEBUG -- :   [1m[35mPass Load (0.2ms)[0m  SELECT  "passes".* FROM "passes" WHERE "passes"."id" = ? LIMIT 1  [["id", 1]]
D, [2016-05-17T17:36:41.954007 #8214] DEBUG -- :   [1m[36mSalon Load (0.1ms)[0m  [1mSELECT  "salons".* FROM "salons" WHERE "salons"."id" = ? LIMIT 1[0m  [["id", 1]]
D, [2016-05-17T17:36:41.954890 #8214] DEBUG -- :   [1m[35mLocation Load (0.1ms)[0m  SELECT  "locations".* FROM "locations" WHERE "locations"."id" = ? LIMIT 1  [["id", 1]]
I, [2016-05-17T17:36:41.969953 #8214]  INFO -- : Sent file /root/PassServer/public/assets/passes//6c17682a0962bc4f3b6ff8c03cf4e111.pkpass (0.1ms)
I, [2016-05-17T17:36:41.970150 #8214]  INFO -- : Completed 200 OK in 18ms (ActiveRecord: 0.4ms)
I, [2016-05-17T17:36:44.505359 #8214]  INFO -- : Started POST "/salons/1/passes" for 119.81.144.220 at 2016-05-17 17:36:44 +0800
I, [2016-05-17T17:36:44.506737 #8214]  INFO -- : Processing by PassesController#create as HTML
I, [2016-05-17T17:36:44.506848 #8214]  INFO -- :   Parameters: {"utf8"=>"✓", "authenticity_token"=>"F5eH1RXCgkf3eL5QPtcxo/QN2hg5pSWdhhNxKIcdmA9w88snPAO5OK0CG3e8wn33uOohi5yF1J1Y8Wu/sIdy9A==", "pass"=>{"user_name"=>"", "user_phone_number"=>"", "user_type"=>""}, "commit"=>"创建Pass", "salon_id"=>"1"}
D, [2016-05-17T17:36:44.508002 #8214] DEBUG -- :   [1m[36mSalon Load (0.1ms)[0m  [1mSELECT  "salons".* FROM "salons" WHERE "salons"."id" = ? LIMIT 1[0m  [["id", 1]]
D, [2016-05-17T17:36:44.509380 #8214] DEBUG -- :   [1m[35m (0.1ms)[0m  begin transaction
D, [2016-05-17T17:36:44.513604 #8214] DEBUG -- :   [1m[36m (0.1ms)[0m  [1mcommit transaction[0m
D, [2016-05-17T17:36:44.514026 #8214] DEBUG -- :   [1m[35m (0.1ms)[0m  begin transaction
D, [2016-05-17T17:36:44.516582 #8214] DEBUG -- :   [1m[36m (0.1ms)[0m  [1mrollback transaction[0m
I, [2016-05-17T17:36:44.528668 #8214]  INFO -- :   Rendered passes/_form.html.erb (6.8ms)
I, [2016-05-17T17:36:44.528842 #8214]  INFO -- :   Rendered passes/new.html.erb within layouts/application (7.7ms)
I, [2016-05-17T17:36:44.529713 #8214]  INFO -- : Completed 200 OK in 23ms (Views: 12.6ms | ActiveRecord: 0.5ms)
I, [2016-05-17T17:36:52.502094 #8217]  INFO -- : Started POST "/salons/1/passes" for 119.81.144.220 at 2016-05-17 17:36:52 +0800
I, [2016-05-17T17:36:52.503384 #8217]  INFO -- : Processing by PassesController#create as HTML
I, [2016-05-17T17:36:52.503544 #8217]  INFO -- :   Parameters: {"utf8"=>"✓", "authenticity_token"=>"cPmstZR0KWHHam8uNSKZklgGhCDbHeaiLnnJe/uQLiYXneBHvbUSHp0Qygm3N9XGFOF/s349F6Lwm9PszArE3Q==", "pass"=>{"user_name"=>"66", "user_phone_number"=>"55", "user_type"=>"66"}, "commit"=>"创建Pass", "salon_id"=>"1"}
D, [2016-05-17T17:36:52.504850 #8217] DEBUG -- :   [1m[35mSalon Load (0.2ms)[0m  SELECT  "salons".* FROM "salons" WHERE "salons"."id" = ? LIMIT 1  [["id", 1]]
D, [2016-05-17T17:36:52.506106 #8217] DEBUG -- :   [1m[36m (0.1ms)[0m  [1mbegin transaction[0m
D, [2016-05-17T17:36:52.508724 #8217] DEBUG -- :   [1m[35mSQL (0.3ms)[0m  INSERT INTO "passes" ("user_name", "user_phone_number", "user_type", "salon_id", "created_at", "updated_at") VALUES (?, ?, ?, ?, ?, ?)  [["user_name", "66"], ["user_phone_number", "55"], ["user_type", "66"], ["salon_id", 1], ["created_at", "2016-05-17 09:36:52.507311"], ["updated_at", "2016-05-17 09:36:52.507311"]]
D, [2016-05-17T17:36:52.514043 #8217] DEBUG -- :   [1m[36m (4.8ms)[0m  [1mcommit transaction[0m
D, [2016-05-17T17:36:52.514426 #8217] DEBUG -- :   [1m[35m (0.1ms)[0m  begin transaction
D, [2016-05-17T17:36:52.515782 #8217] DEBUG -- :   [1m[36mSQL (0.2ms)[0m  [1mUPDATE "passes" SET "serial_number" = ?, "authentication_token" = ?, "barcode_message" = ?, "updated_at" = ? WHERE "passes"."id" = ?[0m  [["serial_number", "afe60de1063297fabdf33d432c878f57"], ["authentication_token", "d45ba9e75ecd868ba86df21419f204d3"], ["barcode_message", "6051447f941c56610924178c19baed6c"], ["updated_at", "2016-05-17 09:36:52.514779"], ["id", 2]]
D, [2016-05-17T17:36:52.520303 #8217] DEBUG -- :   [1m[35m (4.2ms)[0m  commit transaction
I, [2016-05-17T17:36:52.520790 #8217]  INFO -- : Redirected to http://pass.dianqk.org/salons/1
I, [2016-05-17T17:36:52.521001 #8217]  INFO -- : Completed 302 Found in 17ms (ActiveRecord: 9.8ms)
I, [2016-05-17T17:36:52.790292 #8217]  INFO -- : Started GET "/salons/1" for 119.81.144.220 at 2016-05-17 17:36:52 +0800
I, [2016-05-17T17:36:52.791432 #8217]  INFO -- : Processing by SalonsController#show as HTML
I, [2016-05-17T17:36:52.791559 #8217]  INFO -- :   Parameters: {"id"=>"1"}
D, [2016-05-17T17:36:52.792757 #8217] DEBUG -- :   [1m[36mSalon Load (0.2ms)[0m  [1mSELECT  "salons".* FROM "salons" WHERE "salons"."id" = ? LIMIT 1[0m  [["id", 1]]
D, [2016-05-17T17:36:52.794586 #8217] DEBUG -- :   [1m[35mLocation Load (0.1ms)[0m  SELECT  "locations".* FROM "locations" WHERE "locations"."id" = ? LIMIT 1  [["id", 1]]
D, [2016-05-17T17:36:52.795860 #8217] DEBUG -- :   [1m[36mPass Load (0.1ms)[0m  [1mSELECT "passes".* FROM "passes" WHERE "passes"."salon_id" = ?[0m  [["salon_id", 1]]
I, [2016-05-17T17:36:52.797258 #8217]  INFO -- :   Rendered passes/_pass.html.erb (0.9ms)
I, [2016-05-17T17:36:52.800481 #8217]  INFO -- :   Rendered passes/_form.html.erb (3.0ms)
I, [2016-05-17T17:36:52.800633 #8217]  INFO -- :   Rendered salons/show.html.erb within layouts/application (7.2ms)
I, [2016-05-17T17:36:52.801341 #8217]  INFO -- : Completed 200 OK in 10ms (Views: 7.9ms | ActiveRecord: 0.4ms)
I, [2016-05-17T17:36:54.950071 #8217]  INFO -- : Started GET "/passes/2" for 119.81.144.220 at 2016-05-17 17:36:54 +0800
I, [2016-05-17T17:36:54.951002 #8217]  INFO -- : Processing by PassesController#show as HTML
I, [2016-05-17T17:36:54.951065 #8217]  INFO -- :   Parameters: {"id"=>"2"}
D, [2016-05-17T17:36:54.951925 #8217] DEBUG -- :   [1m[35mPass Load (0.1ms)[0m  SELECT  "passes".* FROM "passes" WHERE "passes"."id" = ? LIMIT 1  [["id", 2]]
D, [2016-05-17T17:36:54.952716 #8217] DEBUG -- :   [1m[36mSalon Load (0.1ms)[0m  [1mSELECT  "salons".* FROM "salons" WHERE "salons"."id" = ? LIMIT 1[0m  [["id", 1]]
D, [2016-05-17T17:36:54.953340 #8217] DEBUG -- :   [1m[35mLocation Load (0.1ms)[0m  SELECT  "locations".* FROM "locations" WHERE "locations"."id" = ? LIMIT 1  [["id", 1]]
I, [2016-05-17T17:36:54.965864 #8217]  INFO -- : Sent file /root/PassServer/public/assets/passes//afe60de1063297fabdf33d432c878f57.pkpass (0.1ms)
I, [2016-05-17T17:36:54.966064 #8217]  INFO -- : Completed 200 OK in 15ms (ActiveRecord: 0.3ms)
I, [2016-05-17T17:37:01.634182 #8217]  INFO -- : Started GET "/salons/1" for 163.44.173.124 at 2016-05-17 17:37:01 +0800
I, [2016-05-17T17:37:01.635318 #8217]  INFO -- : Processing by SalonsController#show as HTML
I, [2016-05-17T17:37:01.635420 #8217]  INFO -- :   Parameters: {"id"=>"1"}
D, [2016-05-17T17:37:01.636605 #8217] DEBUG -- :   [1m[36mSalon Load (0.2ms)[0m  [1mSELECT  "salons".* FROM "salons" WHERE "salons"."id" = ? LIMIT 1[0m  [["id", 1]]
D, [2016-05-17T17:37:01.638485 #8217] DEBUG -- :   [1m[35mLocation Load (0.1ms)[0m  SELECT  "locations".* FROM "locations" WHERE "locations"."id" = ? LIMIT 1  [["id", 1]]
D, [2016-05-17T17:37:01.639925 #8217] DEBUG -- :   [1m[36mPass Load (0.1ms)[0m  [1mSELECT "passes".* FROM "passes" WHERE "passes"."salon_id" = ?[0m  [["salon_id", 1]]
I, [2016-05-17T17:37:01.646371 #8217]  INFO -- :   Rendered passes/_pass.html.erb (5.9ms)
I, [2016-05-17T17:37:01.649822 #8217]  INFO -- :   Rendered passes/_form.html.erb (3.2ms)
I, [2016-05-17T17:37:01.649960 #8217]  INFO -- :   Rendered salons/show.html.erb within layouts/application (12.6ms)
I, [2016-05-17T17:37:01.650804 #8217]  INFO -- : Completed 200 OK in 15ms (Views: 13.5ms | ActiveRecord: 0.4ms)
I, [2016-05-17T17:39:51.198387 #8214]  INFO -- : Started GET "/salons/1" for 163.44.173.124 at 2016-05-17 17:39:51 +0800
I, [2016-05-17T17:39:51.199951 #8214]  INFO -- : Processing by SalonsController#show as HTML
I, [2016-05-17T17:39:51.200057 #8214]  INFO -- :   Parameters: {"id"=>"1"}
D, [2016-05-17T17:39:51.201355 #8214] DEBUG -- :   [1m[35mSalon Load (0.2ms)[0m  SELECT  "salons".* FROM "salons" WHERE "salons"."id" = ? LIMIT 1  [["id", 1]]
D, [2016-05-17T17:39:51.203667 #8214] DEBUG -- :   [1m[36mLocation Load (0.2ms)[0m  [1mSELECT  "locations".* FROM "locations" WHERE "locations"."id" = ? LIMIT 1[0m  [["id", 1]]
D, [2016-05-17T17:39:51.204883 #8214] DEBUG -- :   [1m[35mPass Load (0.1ms)[0m  SELECT "passes".* FROM "passes" WHERE "passes"."salon_id" = ?  [["salon_id", 1]]
I, [2016-05-17T17:39:51.206335 #8214]  INFO -- :   Rendered passes/_pass.html.erb (0.9ms)
I, [2016-05-17T17:39:51.210103 #8214]  INFO -- :   Rendered passes/_form.html.erb (3.5ms)
I, [2016-05-17T17:39:51.210248 #8214]  INFO -- :   Rendered salons/show.html.erb within layouts/application (8.0ms)
I, [2016-05-17T17:39:51.211430 #8214]  INFO -- : Completed 200 OK in 11ms (Views: 9.2ms | ActiveRecord: 0.5ms)
I, [2016-05-17T17:39:52.612032 #8217]  INFO -- : Started GET "/salons/1" for 163.44.173.124 at 2016-05-17 17:39:52 +0800
I, [2016-05-17T17:39:52.613062 #8217]  INFO -- : Processing by SalonsController#show as HTML
I, [2016-05-17T17:39:52.613154 #8217]  INFO -- :   Parameters: {"id"=>"1"}
D, [2016-05-17T17:39:52.614255 #8217] DEBUG -- :   [1m[35mSalon Load (0.2ms)[0m  SELECT  "salons".* FROM "salons" WHERE "salons"."id" = ? LIMIT 1  [["id", 1]]
D, [2016-05-17T17:39:52.616000 #8217] DEBUG -- :   [1m[36mLocation Load (0.1ms)[0m  [1mSELECT  "locations".* FROM "locations" WHERE "locations"."id" = ? LIMIT 1[0m  [["id", 1]]
D, [2016-05-17T17:39:52.617260 #8217] DEBUG -- :   [1m[35mPass Load (0.1ms)[0m  SELECT "passes".* FROM "passes" WHERE "passes"."salon_id" = ?  [["salon_id", 1]]
I, [2016-05-17T17:39:52.618740 #8217]  INFO -- :   Rendered passes/_pass.html.erb (1.0ms)
I, [2016-05-17T17:39:52.621969 #8217]  INFO -- :   Rendered passes/_form.html.erb (3.0ms)
I, [2016-05-17T17:39:52.622070 #8217]  INFO -- :   Rendered salons/show.html.erb within layouts/application (7.1ms)
I, [2016-05-17T17:39:52.622765 #8217]  INFO -- : Completed 200 OK in 9ms (Views: 7.9ms | ActiveRecord: 0.4ms)
I, [2016-05-17T17:39:53.605876 #8217]  INFO -- : Started GET "/salons/1" for 163.44.173.124 at 2016-05-17 17:39:53 +0800
I, [2016-05-17T17:39:53.606777 #8217]  INFO -- : Processing by SalonsController#show as HTML
I, [2016-05-17T17:39:53.606842 #8217]  INFO -- :   Parameters: {"id"=>"1"}
D, [2016-05-17T17:39:53.607648 #8217] DEBUG -- :   [1m[36mSalon Load (0.2ms)[0m  [1mSELECT  "salons".* FROM "salons" WHERE "salons"."id" = ? LIMIT 1[0m  [["id", 1]]
D, [2016-05-17T17:39:53.609001 #8217] DEBUG -- :   [1m[35mLocation Load (0.1ms)[0m  SELECT  "locations".* FROM "locations" WHERE "locations"."id" = ? LIMIT 1  [["id", 1]]
D, [2016-05-17T17:39:53.609795 #8217] DEBUG -- :   [1m[36mPass Load (0.1ms)[0m  [1mSELECT "passes".* FROM "passes" WHERE "passes"."salon_id" = ?[0m  [["salon_id", 1]]
I, [2016-05-17T17:39:53.610820 #8217]  INFO -- :   Rendered passes/_pass.html.erb (0.7ms)
I, [2016-05-17T17:39:53.613044 #8217]  INFO -- :   Rendered passes/_form.html.erb (2.0ms)
I, [2016-05-17T17:39:53.613140 #8217]  INFO -- :   Rendered salons/show.html.erb within layouts/application (5.0ms)
I, [2016-05-17T17:39:53.613749 #8217]  INFO -- : Completed 200 OK in 7ms (Views: 5.7ms | ActiveRecord: 0.3ms)
I, [2016-05-17T17:40:17.421179 #8217]  INFO -- : Started GET "/salons/1" for 163.44.173.124 at 2016-05-17 17:40:17 +0800
I, [2016-05-17T17:40:17.421914 #8217]  INFO -- : Processing by SalonsController#show as HTML
I, [2016-05-17T17:40:17.421960 #8217]  INFO -- :   Parameters: {"id"=>"1"}
D, [2016-05-17T17:40:17.422689 #8217] DEBUG -- :   [1m[35mSalon Load (0.1ms)[0m  SELECT  "salons".* FROM "salons" WHERE "salons"."id" = ? LIMIT 1  [["id", 1]]
D, [2016-05-17T17:40:17.423881 #8217] DEBUG -- :   [1m[36mLocation Load (0.1ms)[0m  [1mSELECT  "locations".* FROM "locations" WHERE "locations"."id" = ? LIMIT 1[0m  [["id", 1]]
D, [2016-05-17T17:40:17.424616 #8217] DEBUG -- :   [1m[35mPass Load (0.1ms)[0m  SELECT "passes".* FROM "passes" WHERE "passes"."salon_id" = ?  [["salon_id", 1]]
I, [2016-05-17T17:40:17.425425 #8217]  INFO -- :   Rendered passes/_pass.html.erb (0.5ms)
I, [2016-05-17T17:40:17.427396 #8217]  INFO -- :   Rendered passes/_form.html.erb (1.8ms)
I, [2016-05-17T17:40:17.427511 #8217]  INFO -- :   Rendered salons/show.html.erb within layouts/application (4.4ms)
I, [2016-05-17T17:40:17.428027 #8217]  INFO -- : Completed 200 OK in 6ms (Views: 4.9ms | ActiveRecord: 0.3ms)
I, [2016-05-17T17:40:18.653710 #8217]  INFO -- : Started GET "/salons/1" for 163.44.173.124 at 2016-05-17 17:40:18 +0800
I, [2016-05-17T17:40:18.654452 #8217]  INFO -- : Processing by SalonsController#show as HTML
I, [2016-05-17T17:40:18.654531 #8217]  INFO -- :   Parameters: {"id"=>"1"}
D, [2016-05-17T17:40:18.655347 #8217] DEBUG -- :   [1m[36mSalon Load (0.1ms)[0m  [1mSELECT  "salons".* FROM "salons" WHERE "salons"."id" = ? LIMIT 1[0m  [["id", 1]]
D, [2016-05-17T17:40:18.656646 #8217] DEBUG -- :   [1m[35mLocation Load (0.1ms)[0m  SELECT  "locations".* FROM "locations" WHERE "locations"."id" = ? LIMIT 1  [["id", 1]]
D, [2016-05-17T17:40:18.657544 #8217] DEBUG -- :   [1m[36mPass Load (0.1ms)[0m  [1mSELECT "passes".* FROM "passes" WHERE "passes"."salon_id" = ?[0m  [["salon_id", 1]]
I, [2016-05-17T17:40:18.658451 #8217]  INFO -- :   Rendered passes/_pass.html.erb (0.6ms)
I, [2016-05-17T17:40:18.660598 #8217]  INFO -- :   Rendered passes/_form.html.erb (2.0ms)
I, [2016-05-17T17:40:18.660685 #8217]  INFO -- :   Rendered salons/show.html.erb within layouts/application (4.8ms)
I, [2016-05-17T17:40:18.661180 #8217]  INFO -- : Completed 200 OK in 7ms (Views: 5.3ms | ActiveRecord: 0.3ms)
I, [2016-05-17T17:40:20.814987 #8217]  INFO -- : Started GET "/salons/1" for 163.44.173.124 at 2016-05-17 17:40:20 +0800
I, [2016-05-17T17:40:20.815752 #8217]  INFO -- : Processing by SalonsController#show as HTML
I, [2016-05-17T17:40:20.815799 #8217]  INFO -- :   Parameters: {"id"=>"1"}
D, [2016-05-17T17:40:20.816440 #8217] DEBUG -- :   [1m[35mSalon Load (0.1ms)[0m  SELECT  "salons".* FROM "salons" WHERE "salons"."id" = ? LIMIT 1  [["id", 1]]
D, [2016-05-17T17:40:20.817724 #8217] DEBUG -- :   [1m[36mLocation Load (0.1ms)[0m  [1mSELECT  "locations".* FROM "locations" WHERE "locations"."id" = ? LIMIT 1[0m  [["id", 1]]
D, [2016-05-17T17:40:20.818439 #8217] DEBUG -- :   [1m[35mPass Load (0.1ms)[0m  SELECT "passes".* FROM "passes" WHERE "passes"."salon_id" = ?  [["salon_id", 1]]
I, [2016-05-17T17:40:20.819294 #8217]  INFO -- :   Rendered passes/_pass.html.erb (0.5ms)
I, [2016-05-17T17:40:20.821512 #8217]  INFO -- :   Rendered passes/_form.html.erb (2.1ms)
I, [2016-05-17T17:40:20.821643 #8217]  INFO -- :   Rendered salons/show.html.erb within layouts/application (4.7ms)
I, [2016-05-17T17:40:20.822111 #8217]  INFO -- : Completed 200 OK in 6ms (Views: 5.2ms | ActiveRecord: 0.2ms)
I, [2016-05-17T17:40:33.366416 #8217]  INFO -- : Started GET "/salons/1" for 163.44.173.124 at 2016-05-17 17:40:33 +0800
I, [2016-05-17T17:40:33.367449 #8217]  INFO -- : Processing by SalonsController#show as HTML
I, [2016-05-17T17:40:33.367581 #8217]  INFO -- :   Parameters: {"id"=>"1"}
D, [2016-05-17T17:40:33.368784 #8217] DEBUG -- :   [1m[36mSalon Load (0.2ms)[0m  [1mSELECT  "salons".* FROM "salons" WHERE "salons"."id" = ? LIMIT 1[0m  [["id", 1]]
D, [2016-05-17T17:40:33.370389 #8217] DEBUG -- :   [1m[35mLocation Load (0.1ms)[0m  SELECT  "locations".* FROM "locations" WHERE "locations"."id" = ? LIMIT 1  [["id", 1]]
D, [2016-05-17T17:40:33.371592 #8217] DEBUG -- :   [1m[36mPass Load (0.1ms)[0m  [1mSELECT "passes".* FROM "passes" WHERE "passes"."salon_id" = ?[0m  [["salon_id", 1]]
I, [2016-05-17T17:40:33.372889 #8217]  INFO -- :   Rendered passes/_pass.html.erb (0.9ms)
I, [2016-05-17T17:40:33.375865 #8217]  INFO -- :   Rendered passes/_form.html.erb (2.8ms)
I, [2016-05-17T17:40:33.375983 #8217]  INFO -- :   Rendered salons/show.html.erb within layouts/application (6.6ms)
I, [2016-05-17T17:40:33.376719 #8217]  INFO -- : Completed 200 OK in 9ms (Views: 7.3ms | ActiveRecord: 0.4ms)
I, [2016-05-17T17:40:34.716559 #8217]  INFO -- : Started GET "/salons/1" for 163.44.173.124 at 2016-05-17 17:40:34 +0800
I, [2016-05-17T17:40:34.717622 #8217]  INFO -- : Processing by SalonsController#show as HTML
I, [2016-05-17T17:40:34.717711 #8217]  INFO -- :   Parameters: {"id"=>"1"}
D, [2016-05-17T17:40:34.718783 #8217] DEBUG -- :   [1m[35mSalon Load (0.2ms)[0m  SELECT  "salons".* FROM "salons" WHERE "salons"."id" = ? LIMIT 1  [["id", 1]]
D, [2016-05-17T17:40:34.720676 #8217] DEBUG -- :   [1m[36mLocation Load (0.2ms)[0m  [1mSELECT  "locations".* FROM "locations" WHERE "locations"."id" = ? LIMIT 1[0m  [["id", 1]]
D, [2016-05-17T17:40:34.722002 #8217] DEBUG -- :   [1m[35mPass Load (0.1ms)[0m  SELECT "passes".* FROM "passes" WHERE "passes"."salon_id" = ?  [["salon_id", 1]]
I, [2016-05-17T17:40:34.723543 #8217]  INFO -- :   Rendered passes/_pass.html.erb (0.9ms)
I, [2016-05-17T17:40:34.727047 #8217]  INFO -- :   Rendered passes/_form.html.erb (3.2ms)
I, [2016-05-17T17:40:34.727208 #8217]  INFO -- :   Rendered salons/show.html.erb within layouts/application (7.7ms)
I, [2016-05-17T17:40:34.728108 #8217]  INFO -- : Completed 200 OK in 10ms (Views: 8.6ms | ActiveRecord: 0.5ms)
I, [2016-05-17T17:41:32.433765 #8217]  INFO -- : Started GET "/salons/1" for 163.44.173.124 at 2016-05-17 17:41:32 +0800
I, [2016-05-17T17:41:32.434924 #8217]  INFO -- : Processing by SalonsController#show as HTML
I, [2016-05-17T17:41:32.435014 #8217]  INFO -- :   Parameters: {"id"=>"1"}
D, [2016-05-17T17:41:32.436112 #8217] DEBUG -- :   [1m[36mSalon Load (0.2ms)[0m  [1mSELECT  "salons".* FROM "salons" WHERE "salons"."id" = ? LIMIT 1[0m  [["id", 1]]
D, [2016-05-17T17:41:32.437990 #8217] DEBUG -- :   [1m[35mLocation Load (0.1ms)[0m  SELECT  "locations".* FROM "locations" WHERE "locations"."id" = ? LIMIT 1  [["id", 1]]
D, [2016-05-17T17:41:32.439328 #8217] DEBUG -- :   [1m[36mPass Load (0.1ms)[0m  [1mSELECT "passes".* FROM "passes" WHERE "passes"."salon_id" = ?[0m  [["salon_id", 1]]
I, [2016-05-17T17:41:32.440885 #8217]  INFO -- :   Rendered passes/_pass.html.erb (1.0ms)
I, [2016-05-17T17:41:32.444041 #8217]  INFO -- :   Rendered passes/_form.html.erb (2.9ms)
I, [2016-05-17T17:41:32.444183 #8217]  INFO -- :   Rendered salons/show.html.erb within layouts/application (7.4ms)
I, [2016-05-17T17:41:32.444977 #8217]  INFO -- : Completed 200 OK in 10ms (Views: 8.2ms | ActiveRecord: 0.4ms)
I, [2016-05-17T17:41:33.822614 #8217]  INFO -- : Started GET "/salons/1" for 163.44.173.124 at 2016-05-17 17:41:33 +0800
I, [2016-05-17T17:41:33.823693 #8217]  INFO -- : Processing by SalonsController#show as HTML
I, [2016-05-17T17:41:33.823814 #8217]  INFO -- :   Parameters: {"id"=>"1"}
D, [2016-05-17T17:41:33.824949 #8217] DEBUG -- :   [1m[35mSalon Load (0.2ms)[0m  SELECT  "salons".* FROM "salons" WHERE "salons"."id" = ? LIMIT 1  [["id", 1]]
D, [2016-05-17T17:41:33.826785 #8217] DEBUG -- :   [1m[36mLocation Load (0.1ms)[0m  [1mSELECT  "locations".* FROM "locations" WHERE "locations"."id" = ? LIMIT 1[0m  [["id", 1]]
D, [2016-05-17T17:41:33.828092 #8217] DEBUG -- :   [1m[35mPass Load (0.1ms)[0m  SELECT "passes".* FROM "passes" WHERE "passes"."salon_id" = ?  [["salon_id", 1]]
I, [2016-05-17T17:41:33.829638 #8217]  INFO -- :   Rendered passes/_pass.html.erb (0.9ms)
I, [2016-05-17T17:41:33.832969 #8217]  INFO -- :   Rendered passes/_form.html.erb (3.1ms)
I, [2016-05-17T17:41:33.833116 #8217]  INFO -- :   Rendered salons/show.html.erb within layouts/application (7.4ms)
I, [2016-05-17T17:41:33.833992 #8217]  INFO -- : Completed 200 OK in 10ms (Views: 8.4ms | ActiveRecord: 0.4ms)
I, [2016-05-17T17:42:01.680758 #8217]  INFO -- : Started GET "/salons/1" for 163.44.173.124 at 2016-05-17 17:42:01 +0800
I, [2016-05-17T17:42:01.681627 #8217]  INFO -- : Processing by SalonsController#show as HTML
I, [2016-05-17T17:42:01.681686 #8217]  INFO -- :   Parameters: {"id"=>"1"}
D, [2016-05-17T17:42:01.682400 #8217] DEBUG -- :   [1m[36mSalon Load (0.1ms)[0m  [1mSELECT  "salons".* FROM "salons" WHERE "salons"."id" = ? LIMIT 1[0m  [["id", 1]]
D, [2016-05-17T17:42:01.683680 #8217] DEBUG -- :   [1m[35mLocation Load (0.1ms)[0m  SELECT  "locations".* FROM "locations" WHERE "locations"."id" = ? LIMIT 1  [["id", 1]]
D, [2016-05-17T17:42:01.684570 #8217] DEBUG -- :   [1m[36mPass Load (0.1ms)[0m  [1mSELECT "passes".* FROM "passes" WHERE "passes"."salon_id" = ?[0m  [["salon_id", 1]]
I, [2016-05-17T17:42:01.685556 #8217]  INFO -- :   Rendered passes/_pass.html.erb (0.6ms)
I, [2016-05-17T17:42:01.687826 #8217]  INFO -- :   Rendered passes/_form.html.erb (2.1ms)
I, [2016-05-17T17:42:01.687923 #8217]  INFO -- :   Rendered salons/show.html.erb within layouts/application (5.0ms)
I, [2016-05-17T17:42:01.688538 #8217]  INFO -- : Completed 200 OK in 7ms (Views: 5.6ms | ActiveRecord: 0.3ms)
I, [2016-05-17T17:42:02.866057 #8217]  INFO -- : Started GET "/salons/1" for 163.44.173.124 at 2016-05-17 17:42:02 +0800
I, [2016-05-17T17:42:02.867029 #8217]  INFO -- : Processing by SalonsController#show as HTML
I, [2016-05-17T17:42:02.867125 #8217]  INFO -- :   Parameters: {"id"=>"1"}
D, [2016-05-17T17:42:02.868106 #8217] DEBUG -- :   [1m[35mSalon Load (0.1ms)[0m  SELECT  "salons".* FROM "salons" WHERE "salons"."id" = ? LIMIT 1  [["id", 1]]
D, [2016-05-17T17:42:02.869776 #8217] DEBUG -- :   [1m[36mLocation Load (0.1ms)[0m  [1mSELECT  "locations".* FROM "locations" WHERE "locations"."id" = ? LIMIT 1[0m  [["id", 1]]
D, [2016-05-17T17:42:02.870999 #8217] DEBUG -- :   [1m[35mPass Load (0.1ms)[0m  SELECT "passes".* FROM "passes" WHERE "passes"."salon_id" = ?  [["salon_id", 1]]
I, [2016-05-17T17:42:02.872261 #8217]  INFO -- :   Rendered passes/_pass.html.erb (0.8ms)
I, [2016-05-17T17:42:02.875363 #8217]  INFO -- :   Rendered passes/_form.html.erb (2.9ms)
I, [2016-05-17T17:42:02.875577 #8217]  INFO -- :   Rendered salons/show.html.erb within layouts/application (6.8ms)
I, [2016-05-17T17:42:02.876286 #8217]  INFO -- : Completed 200 OK in 9ms (Views: 7.6ms | ActiveRecord: 0.3ms)
I, [2016-05-17T17:42:14.984755 #8217]  INFO -- : Started GET "/salons/1" for 163.44.173.124 at 2016-05-17 17:42:14 +0800
I, [2016-05-17T17:42:14.985456 #8217]  INFO -- : Processing by SalonsController#show as HTML
I, [2016-05-17T17:42:14.985529 #8217]  INFO -- :   Parameters: {"id"=>"1"}
D, [2016-05-17T17:42:14.986215 #8217] DEBUG -- :   [1m[36mSalon Load (0.1ms)[0m  [1mSELECT  "salons".* FROM "salons" WHERE "salons"."id" = ? LIMIT 1[0m  [["id", 1]]
D, [2016-05-17T17:42:14.987382 #8217] DEBUG -- :   [1m[35mLocation Load (0.1ms)[0m  SELECT  "locations".* FROM "locations" WHERE "locations"."id" = ? LIMIT 1  [["id", 1]]
D, [2016-05-17T17:42:14.988140 #8217] DEBUG -- :   [1m[36mPass Load (0.1ms)[0m  [1mSELECT "passes".* FROM "passes" WHERE "passes"."salon_id" = ?[0m  [["salon_id", 1]]
I, [2016-05-17T17:42:14.988946 #8217]  INFO -- :   Rendered passes/_pass.html.erb (0.5ms)
I, [2016-05-17T17:42:14.990800 #8217]  INFO -- :   Rendered passes/_form.html.erb (1.7ms)
I, [2016-05-17T17:42:14.990876 #8217]  INFO -- :   Rendered salons/show.html.erb within layouts/application (4.2ms)
I, [2016-05-17T17:42:14.991348 #8217]  INFO -- : Completed 200 OK in 6ms (Views: 4.7ms | ActiveRecord: 0.2ms)
I, [2016-05-17T17:42:16.191216 #8217]  INFO -- : Started GET "/salons/1" for 163.44.173.124 at 2016-05-17 17:42:16 +0800
I, [2016-05-17T17:42:16.192036 #8217]  INFO -- : Processing by SalonsController#show as HTML
I, [2016-05-17T17:42:16.192097 #8217]  INFO -- :   Parameters: {"id"=>"1"}
D, [2016-05-17T17:42:16.192874 #8217] DEBUG -- :   [1m[35mSalon Load (0.1ms)[0m  SELECT  "salons".* FROM "salons" WHERE "salons"."id" = ? LIMIT 1  [["id", 1]]
D, [2016-05-17T17:42:16.194208 #8217] DEBUG -- :   [1m[36mLocation Load (0.1ms)[0m  [1mSELECT  "locations".* FROM "locations" WHERE "locations"."id" = ? LIMIT 1[0m  [["id", 1]]
D, [2016-05-17T17:42:16.195128 #8217] DEBUG -- :   [1m[35mPass Load (0.1ms)[0m  SELECT "passes".* FROM "passes" WHERE "passes"."salon_id" = ?  [["salon_id", 1]]
I, [2016-05-17T17:42:16.196139 #8217]  INFO -- :   Rendered passes/_pass.html.erb (0.7ms)
I, [2016-05-17T17:42:16.198384 #8217]  INFO -- :   Rendered passes/_form.html.erb (2.1ms)
I, [2016-05-17T17:42:16.198507 #8217]  INFO -- :   Rendered salons/show.html.erb within layouts/application (5.1ms)
I, [2016-05-17T17:42:16.199130 #8217]  INFO -- : Completed 200 OK in 7ms (Views: 5.8ms | ActiveRecord: 0.3ms)
I, [2016-05-17T17:42:17.280676 #8217]  INFO -- : Started GET "/salons/1" for 163.44.173.124 at 2016-05-17 17:42:17 +0800
I, [2016-05-17T17:42:17.281654 #8217]  INFO -- : Processing by SalonsController#show as HTML
I, [2016-05-17T17:42:17.281722 #8217]  INFO -- :   Parameters: {"id"=>"1"}
D, [2016-05-17T17:42:17.282589 #8217] DEBUG -- :   [1m[36mSalon Load (0.2ms)[0m  [1mSELECT  "salons".* FROM "salons" WHERE "salons"."id" = ? LIMIT 1[0m  [["id", 1]]
D, [2016-05-17T17:42:17.284112 #8217] DEBUG -- :   [1m[35mLocation Load (0.1ms)[0m  SELECT  "locations".* FROM "locations" WHERE "locations"."id" = ? LIMIT 1  [["id", 1]]
D, [2016-05-17T17:42:17.285172 #8217] DEBUG -- :   [1m[36mPass Load (0.1ms)[0m  [1mSELECT "passes".* FROM "passes" WHERE "passes"."salon_id" = ?[0m  [["salon_id", 1]]
I, [2016-05-17T17:42:17.286340 #8217]  INFO -- :   Rendered passes/_pass.html.erb (0.7ms)
I, [2016-05-17T17:42:17.289080 #8217]  INFO -- :   Rendered passes/_form.html.erb (2.5ms)
I, [2016-05-17T17:42:17.289219 #8217]  INFO -- :   Rendered salons/show.html.erb within layouts/application (6.1ms)
I, [2016-05-17T17:42:17.289947 #8217]  INFO -- : Completed 200 OK in 8ms (Views: 6.8ms | ActiveRecord: 0.3ms)
I, [2016-05-17T17:42:29.667722 #8217]  INFO -- : Started GET "/salons/1" for 163.44.173.124 at 2016-05-17 17:42:29 +0800
I, [2016-05-17T17:42:29.668850 #8217]  INFO -- : Processing by SalonsController#show as HTML
I, [2016-05-17T17:42:29.668939 #8217]  INFO -- :   Parameters: {"id"=>"1"}
D, [2016-05-17T17:42:29.669992 #8217] DEBUG -- :   [1m[35mSalon Load (0.1ms)[0m  SELECT  "salons".* FROM "salons" WHERE "salons"."id" = ? LIMIT 1  [["id", 1]]
D, [2016-05-17T17:42:29.671816 #8217] DEBUG -- :   [1m[36mLocation Load (0.1ms)[0m  [1mSELECT  "locations".* FROM "locations" WHERE "locations"."id" = ? LIMIT 1[0m  [["id", 1]]
D, [2016-05-17T17:42:29.673125 #8217] DEBUG -- :   [1m[35mPass Load (0.1ms)[0m  SELECT "passes".* FROM "passes" WHERE "passes"."salon_id" = ?  [["salon_id", 1]]
I, [2016-05-17T17:42:29.674591 #8217]  INFO -- :   Rendered passes/_pass.html.erb (0.9ms)
I, [2016-05-17T17:42:29.677994 #8217]  INFO -- :   Rendered passes/_form.html.erb (3.2ms)
I, [2016-05-17T17:42:29.678163 #8217]  INFO -- :   Rendered salons/show.html.erb within layouts/application (7.5ms)
I, [2016-05-17T17:42:29.678987 #8217]  INFO -- : Completed 200 OK in 10ms (Views: 8.3ms | ActiveRecord: 0.4ms)
I, [2016-05-17T17:42:30.969201 #8214]  INFO -- : Started GET "/salons/1" for 163.44.173.124 at 2016-05-17 17:42:30 +0800
I, [2016-05-17T17:42:30.970102 #8214]  INFO -- : Processing by SalonsController#show as HTML
I, [2016-05-17T17:42:30.970163 #8214]  INFO -- :   Parameters: {"id"=>"1"}
D, [2016-05-17T17:42:30.971031 #8214] DEBUG -- :   [1m[36mSalon Load (0.1ms)[0m  [1mSELECT  "salons".* FROM "salons" WHERE "salons"."id" = ? LIMIT 1[0m  [["id", 1]]
D, [2016-05-17T17:42:30.972740 #8214] DEBUG -- :   [1m[35mLocation Load (0.1ms)[0m  SELECT  "locations".* FROM "locations" WHERE "locations"."id" = ? LIMIT 1  [["id", 1]]
D, [2016-05-17T17:42:30.973746 #8214] DEBUG -- :   [1m[36mPass Load (0.1ms)[0m  [1mSELECT "passes".* FROM "passes" WHERE "passes"."salon_id" = ?[0m  [["salon_id", 1]]
I, [2016-05-17T17:42:30.974900 #8214]  INFO -- :   Rendered passes/_pass.html.erb (0.7ms)
I, [2016-05-17T17:42:30.977770 #8214]  INFO -- :   Rendered passes/_form.html.erb (2.6ms)
I, [2016-05-17T17:42:30.977884 #8214]  INFO -- :   Rendered salons/show.html.erb within layouts/application (6.2ms)
I, [2016-05-17T17:42:30.978412 #8214]  INFO -- : Completed 200 OK in 8ms (Views: 6.9ms | ActiveRecord: 0.3ms)
I, [2016-05-17T17:42:52.647454 #8217]  INFO -- : Started GET "/salons/1" for 163.44.173.124 at 2016-05-17 17:42:52 +0800
I, [2016-05-17T17:42:52.648329 #8217]  INFO -- : Processing by SalonsController#show as HTML
I, [2016-05-17T17:42:52.648420 #8217]  INFO -- :   Parameters: {"id"=>"1"}
D, [2016-05-17T17:42:52.649159 #8217] DEBUG -- :   [1m[36mSalon Load (0.1ms)[0m  [1mSELECT  "salons".* FROM "salons" WHERE "salons"."id" = ? LIMIT 1[0m  [["id", 1]]
D, [2016-05-17T17:42:52.650400 #8217] DEBUG -- :   [1m[35mLocation Load (0.1ms)[0m  SELECT  "locations".* FROM "locations" WHERE "locations"."id" = ? LIMIT 1  [["id", 1]]
D, [2016-05-17T17:42:52.651247 #8217] DEBUG -- :   [1m[36mPass Load (0.1ms)[0m  [1mSELECT "passes".* FROM "passes" WHERE "passes"."salon_id" = ?[0m  [["salon_id", 1]]
I, [2016-05-17T17:42:52.652161 #8217]  INFO -- :   Rendered passes/_pass.html.erb (0.6ms)
I, [2016-05-17T17:42:52.654510 #8217]  INFO -- :   Rendered passes/_form.html.erb (2.2ms)
I, [2016-05-17T17:42:52.654609 #8217]  INFO -- :   Rendered salons/show.html.erb within layouts/application (4.9ms)
I, [2016-05-17T17:42:52.655151 #8217]  INFO -- : Completed 200 OK in 7ms (Views: 5.5ms | ActiveRecord: 0.2ms)
I, [2016-05-17T17:42:54.184305 #8217]  INFO -- : Started GET "/salons/1" for 163.44.173.124 at 2016-05-17 17:42:54 +0800
I, [2016-05-17T17:42:54.185210 #8217]  INFO -- : Processing by SalonsController#show as HTML
I, [2016-05-17T17:42:54.185279 #8217]  INFO -- :   Parameters: {"id"=>"1"}
D, [2016-05-17T17:42:54.186192 #8217] DEBUG -- :   [1m[35mSalon Load (0.1ms)[0m  SELECT  "salons".* FROM "salons" WHERE "salons"."id" = ? LIMIT 1  [["id", 1]]
D, [2016-05-17T17:42:54.187803 #8217] DEBUG -- :   [1m[36mLocation Load (0.1ms)[0m  [1mSELECT  "locations".* FROM "locations" WHERE "locations"."id" = ? LIMIT 1[0m  [["id", 1]]
D, [2016-05-17T17:42:54.188856 #8217] DEBUG -- :   [1m[35mPass Load (0.1ms)[0m  SELECT "passes".* FROM "passes" WHERE "passes"."salon_id" = ?  [["salon_id", 1]]
I, [2016-05-17T17:42:54.190121 #8217]  INFO -- :   Rendered passes/_pass.html.erb (0.9ms)
I, [2016-05-17T17:42:54.192760 #8217]  INFO -- :   Rendered passes/_form.html.erb (2.4ms)
I, [2016-05-17T17:42:54.192873 #8217]  INFO -- :   Rendered salons/show.html.erb within layouts/application (6.1ms)
I, [2016-05-17T17:42:54.193554 #8217]  INFO -- : Completed 200 OK in 8ms (Views: 6.8ms | ActiveRecord: 0.3ms)
I, [2016-05-17T17:43:00.510308 #8214]  INFO -- : Started GET "/passes/1" for 163.44.173.124 at 2016-05-17 17:43:00 +0800
I, [2016-05-17T17:43:00.511149 #8214]  INFO -- : Processing by PassesController#show as HTML
I, [2016-05-17T17:43:00.511204 #8214]  INFO -- :   Parameters: {"id"=>"1"}
D, [2016-05-17T17:43:00.511970 #8214] DEBUG -- :   [1m[35mPass Load (0.1ms)[0m  SELECT  "passes".* FROM "passes" WHERE "passes"."id" = ? LIMIT 1  [["id", 1]]
D, [2016-05-17T17:43:00.512598 #8214] DEBUG -- :   [1m[36mSalon Load (0.1ms)[0m  [1mSELECT  "salons".* FROM "salons" WHERE "salons"."id" = ? LIMIT 1[0m  [["id", 1]]
D, [2016-05-17T17:43:00.513090 #8214] DEBUG -- :   [1m[35mLocation Load (0.1ms)[0m  SELECT  "locations".* FROM "locations" WHERE "locations"."id" = ? LIMIT 1  [["id", 1]]
I, [2016-05-17T17:43:00.522658 #8214]  INFO -- : Sent file /root/PassServer/public/assets/passes//6c17682a0962bc4f3b6ff8c03cf4e111.pkpass (0.1ms)
I, [2016-05-17T17:43:00.522785 #8214]  INFO -- : Completed 200 OK in 11ms (ActiveRecord: 0.3ms)
I, [2016-05-17T17:43:48.545538 #8214]  INFO -- : Started GET "/salons/1" for 163.44.173.124 at 2016-05-17 17:43:48 +0800
I, [2016-05-17T17:43:48.546387 #8214]  INFO -- : Processing by SalonsController#show as HTML
I, [2016-05-17T17:43:48.546487 #8214]  INFO -- :   Parameters: {"id"=>"1"}
D, [2016-05-17T17:43:48.547346 #8214] DEBUG -- :   [1m[36mSalon Load (0.1ms)[0m  [1mSELECT  "salons".* FROM "salons" WHERE "salons"."id" = ? LIMIT 1[0m  [["id", 1]]
D, [2016-05-17T17:43:48.548682 #8214] DEBUG -- :   [1m[35mLocation Load (0.1ms)[0m  SELECT  "locations".* FROM "locations" WHERE "locations"."id" = ? LIMIT 1  [["id", 1]]
D, [2016-05-17T17:43:48.549656 #8214] DEBUG -- :   [1m[36mPass Load (0.1ms)[0m  [1mSELECT "passes".* FROM "passes" WHERE "passes"."salon_id" = ?[0m  [["salon_id", 1]]
I, [2016-05-17T17:43:48.550786 #8214]  INFO -- :   Rendered passes/_pass.html.erb (0.7ms)
I, [2016-05-17T17:43:48.553258 #8214]  INFO -- :   Rendered passes/_form.html.erb (2.3ms)
I, [2016-05-17T17:43:48.553365 #8214]  INFO -- :   Rendered salons/show.html.erb within layouts/application (5.4ms)
I, [2016-05-17T17:43:48.554019 #8214]  INFO -- : Completed 200 OK in 7ms (Views: 6.1ms | ActiveRecord: 0.3ms)
I, [2016-05-17T17:43:55.501226 #8214]  INFO -- : Started GET "/salons/1" for 163.44.173.124 at 2016-05-17 17:43:55 +0800
I, [2016-05-17T17:43:55.501953 #8214]  INFO -- : Processing by SalonsController#show as HTML
I, [2016-05-17T17:43:55.502000 #8214]  INFO -- :   Parameters: {"id"=>"1"}
D, [2016-05-17T17:43:55.502703 #8214] DEBUG -- :   [1m[35mSalon Load (0.1ms)[0m  SELECT  "salons".* FROM "salons" WHERE "salons"."id" = ? LIMIT 1  [["id", 1]]
D, [2016-05-17T17:43:55.503767 #8214] DEBUG -- :   [1m[36mLocation Load (0.1ms)[0m  [1mSELECT  "locations".* FROM "locations" WHERE "locations"."id" = ? LIMIT 1[0m  [["id", 1]]
D, [2016-05-17T17:43:55.504454 #8214] DEBUG -- :   [1m[35mPass Load (0.1ms)[0m  SELECT "passes".* FROM "passes" WHERE "passes"."salon_id" = ?  [["salon_id", 1]]
I, [2016-05-17T17:43:55.505214 #8214]  INFO -- :   Rendered passes/_pass.html.erb (0.5ms)
I, [2016-05-17T17:43:55.507028 #8214]  INFO -- :   Rendered passes/_form.html.erb (1.7ms)
I, [2016-05-17T17:43:55.507112 #8214]  INFO -- :   Rendered salons/show.html.erb within layouts/application (4.0ms)
I, [2016-05-17T17:43:55.507560 #8214]  INFO -- : Completed 200 OK in 5ms (Views: 4.5ms | ActiveRecord: 0.2ms)
I, [2016-05-17T17:43:56.652960 #8214]  INFO -- : Started GET "/salons/1" for 163.44.173.124 at 2016-05-17 17:43:56 +0800
I, [2016-05-17T17:43:56.654018 #8214]  INFO -- : Processing by SalonsController#show as HTML
I, [2016-05-17T17:43:56.654104 #8214]  INFO -- :   Parameters: {"id"=>"1"}
D, [2016-05-17T17:43:56.655100 #8214] DEBUG -- :   [1m[36mSalon Load (0.1ms)[0m  [1mSELECT  "salons".* FROM "salons" WHERE "salons"."id" = ? LIMIT 1[0m  [["id", 1]]
D, [2016-05-17T17:43:56.656852 #8214] DEBUG -- :   [1m[35mLocation Load (0.1ms)[0m  SELECT  "locations".* FROM "locations" WHERE "locations"."id" = ? LIMIT 1  [["id", 1]]
D, [2016-05-17T17:43:56.658087 #8214] DEBUG -- :   [1m[36mPass Load (0.1ms)[0m  [1mSELECT "passes".* FROM "passes" WHERE "passes"."salon_id" = ?[0m  [["salon_id", 1]]
I, [2016-05-17T17:43:56.659455 #8214]  INFO -- :   Rendered passes/_pass.html.erb (0.8ms)
I, [2016-05-17T17:43:56.662956 #8214]  INFO -- :   Rendered passes/_form.html.erb (3.2ms)
I, [2016-05-17T17:43:56.663088 #8214]  INFO -- :   Rendered salons/show.html.erb within layouts/application (7.3ms)
I, [2016-05-17T17:43:56.663857 #8214]  INFO -- : Completed 200 OK in 10ms (Views: 8.1ms | ActiveRecord: 0.3ms)
I, [2016-05-17T17:45:04.471998 #8217]  INFO -- : Started GET "/salons/1" for 163.44.173.124 at 2016-05-17 17:45:04 +0800
I, [2016-05-17T17:45:04.472878 #8217]  INFO -- : Processing by SalonsController#show as HTML
I, [2016-05-17T17:45:04.472948 #8217]  INFO -- :   Parameters: {"id"=>"1"}
D, [2016-05-17T17:45:04.473787 #8217] DEBUG -- :   [1m[36mSalon Load (0.1ms)[0m  [1mSELECT  "salons".* FROM "salons" WHERE "salons"."id" = ? LIMIT 1[0m  [["id", 1]]
D, [2016-05-17T17:45:04.475122 #8217] DEBUG -- :   [1m[35mLocation Load (0.1ms)[0m  SELECT  "locations".* FROM "locations" WHERE "locations"."id" = ? LIMIT 1  [["id", 1]]
D, [2016-05-17T17:45:04.475986 #8217] DEBUG -- :   [1m[36mPass Load (0.1ms)[0m  [1mSELECT "passes".* FROM "passes" WHERE "passes"."salon_id" = ?[0m  [["salon_id", 1]]
I, [2016-05-17T17:45:04.477039 #8217]  INFO -- :   Rendered passes/_pass.html.erb (0.7ms)
I, [2016-05-17T17:45:04.479320 #8217]  INFO -- :   Rendered passes/_form.html.erb (2.1ms)
I, [2016-05-17T17:45:04.479428 #8217]  INFO -- :   Rendered salons/show.html.erb within layouts/application (5.1ms)
I, [2016-05-17T17:45:04.480057 #8217]  INFO -- : Completed 200 OK in 7ms (Views: 5.8ms | ActiveRecord: 0.3ms)
I, [2016-05-17T17:45:55.374924 #8217]  INFO -- : Started GET "/salons/1" for 163.44.173.124 at 2016-05-17 17:45:55 +0800
I, [2016-05-17T17:45:55.376064 #8217]  INFO -- : Processing by SalonsController#show as HTML
I, [2016-05-17T17:45:55.376147 #8217]  INFO -- :   Parameters: {"id"=>"1"}
D, [2016-05-17T17:45:55.377291 #8217] DEBUG -- :   [1m[35mSalon Load (0.2ms)[0m  SELECT  "salons".* FROM "salons" WHERE "salons"."id" = ? LIMIT 1  [["id", 1]]
D, [2016-05-17T17:45:55.379394 #8217] DEBUG -- :   [1m[36mLocation Load (0.1ms)[0m  [1mSELECT  "locations".* FROM "locations" WHERE "locations"."id" = ? LIMIT 1[0m  [["id", 1]]
D, [2016-05-17T17:45:55.380729 #8217] DEBUG -- :   [1m[35mPass Load (0.1ms)[0m  SELECT "passes".* FROM "passes" WHERE "passes"."salon_id" = ?  [["salon_id", 1]]
I, [2016-05-17T17:45:55.382118 #8217]  INFO -- :   Rendered passes/_pass.html.erb (0.9ms)
I, [2016-05-17T17:45:55.385698 #8217]  INFO -- :   Rendered passes/_form.html.erb (3.4ms)
I, [2016-05-17T17:45:55.385830 #8217]  INFO -- :   Rendered salons/show.html.erb within layouts/application (7.6ms)
I, [2016-05-17T17:45:55.386609 #8217]  INFO -- : Completed 200 OK in 10ms (Views: 8.6ms | ActiveRecord: 0.4ms)
I, [2016-05-17T17:47:20.624167 #8217]  INFO -- : Started GET "/salons/1" for 163.44.173.124 at 2016-05-17 17:47:20 +0800
I, [2016-05-17T17:47:20.625248 #8217]  INFO -- : Processing by SalonsController#show as HTML
I, [2016-05-17T17:47:20.625335 #8217]  INFO -- :   Parameters: {"id"=>"1"}
D, [2016-05-17T17:47:20.626370 #8217] DEBUG -- :   [1m[36mSalon Load (0.1ms)[0m  [1mSELECT  "salons".* FROM "salons" WHERE "salons"."id" = ? LIMIT 1[0m  [["id", 1]]
D, [2016-05-17T17:47:20.628216 #8217] DEBUG -- :   [1m[35mLocation Load (0.1ms)[0m  SELECT  "locations".* FROM "locations" WHERE "locations"."id" = ? LIMIT 1  [["id", 1]]
D, [2016-05-17T17:47:20.629504 #8217] DEBUG -- :   [1m[36mPass Load (0.1ms)[0m  [1mSELECT "passes".* FROM "passes" WHERE "passes"."salon_id" = ?[0m  [["salon_id", 1]]
I, [2016-05-17T17:47:20.630905 #8217]  INFO -- :   Rendered passes/_pass.html.erb (0.9ms)
I, [2016-05-17T17:47:20.634131 #8217]  INFO -- :   Rendered passes/_form.html.erb (3.0ms)
I, [2016-05-17T17:47:20.634270 #8217]  INFO -- :   Rendered salons/show.html.erb within layouts/application (7.1ms)
I, [2016-05-17T17:47:20.635093 #8217]  INFO -- : Completed 200 OK in 10ms (Views: 8.0ms | ActiveRecord: 0.3ms)
I, [2016-05-17T17:47:21.965899 #8217]  INFO -- : Started GET "/salons/1" for 163.44.173.124 at 2016-05-17 17:47:21 +0800
I, [2016-05-17T17:47:21.967013 #8217]  INFO -- : Processing by SalonsController#show as HTML
I, [2016-05-17T17:47:21.967101 #8217]  INFO -- :   Parameters: {"id"=>"1"}
D, [2016-05-17T17:47:21.968151 #8217] DEBUG -- :   [1m[35mSalon Load (0.2ms)[0m  SELECT  "salons".* FROM "salons" WHERE "salons"."id" = ? LIMIT 1  [["id", 1]]
D, [2016-05-17T17:47:21.970040 #8217] DEBUG -- :   [1m[36mLocation Load (0.1ms)[0m  [1mSELECT  "locations".* FROM "locations" WHERE "locations"."id" = ? LIMIT 1[0m  [["id", 1]]
D, [2016-05-17T17:47:21.971376 #8217] DEBUG -- :   [1m[35mPass Load (0.1ms)[0m  SELECT "passes".* FROM "passes" WHERE "passes"."salon_id" = ?  [["salon_id", 1]]
I, [2016-05-17T17:47:21.972937 #8217]  INFO -- :   Rendered passes/_pass.html.erb (1.0ms)
I, [2016-05-17T17:47:21.976446 #8217]  INFO -- :   Rendered passes/_form.html.erb (3.3ms)
I, [2016-05-17T17:47:21.976625 #8217]  INFO -- :   Rendered salons/show.html.erb within layouts/application (7.7ms)
I, [2016-05-17T17:47:21.977569 #8217]  INFO -- : Completed 200 OK in 10ms (Views: 8.7ms | ActiveRecord: 0.4ms)
I, [2016-05-17T17:47:50.324933 #8217]  INFO -- : Started GET "/salons/1" for 163.44.173.124 at 2016-05-17 17:47:50 +0800
I, [2016-05-17T17:47:50.326040 #8217]  INFO -- : Processing by SalonsController#show as HTML
I, [2016-05-17T17:47:50.326128 #8217]  INFO -- :   Parameters: {"id"=>"1"}
D, [2016-05-17T17:47:50.327208 #8217] DEBUG -- :   [1m[36mSalon Load (0.2ms)[0m  [1mSELECT  "salons".* FROM "salons" WHERE "salons"."id" = ? LIMIT 1[0m  [["id", 1]]
D, [2016-05-17T17:47:50.329116 #8217] DEBUG -- :   [1m[35mLocation Load (0.1ms)[0m  SELECT  "locations".* FROM "locations" WHERE "locations"."id" = ? LIMIT 1  [["id", 1]]
D, [2016-05-17T17:47:50.330608 #8217] DEBUG -- :   [1m[36mPass Load (0.2ms)[0m  [1mSELECT "passes".* FROM "passes" WHERE "passes"."salon_id" = ?[0m  [["salon_id", 1]]
I, [2016-05-17T17:47:50.332140 #8217]  INFO -- :   Rendered passes/_pass.html.erb (1.0ms)
I, [2016-05-17T17:47:50.335932 #8217]  INFO -- :   Rendered passes/_form.html.erb (3.6ms)
I, [2016-05-17T17:47:50.336153 #8217]  INFO -- :   Rendered salons/show.html.erb within layouts/application (8.2ms)
I, [2016-05-17T17:47:50.336978 #8217]  INFO -- : Completed 200 OK in 11ms (Views: 9.0ms | ActiveRecord: 0.4ms)
I, [2016-05-17T17:48:26.445514 #8214]  INFO -- : Started GET "/salons/1" for 163.44.173.124 at 2016-05-17 17:48:26 +0800
I, [2016-05-17T17:48:26.446295 #8214]  INFO -- : Processing by SalonsController#show as HTML
I, [2016-05-17T17:48:26.446337 #8214]  INFO -- :   Parameters: {"id"=>"1"}
D, [2016-05-17T17:48:26.447149 #8214] DEBUG -- :   [1m[35mSalon Load (0.1ms)[0m  SELECT  "salons".* FROM "salons" WHERE "salons"."id" = ? LIMIT 1  [["id", 1]]
D, [2016-05-17T17:48:26.448294 #8214] DEBUG -- :   [1m[36mLocation Load (0.1ms)[0m  [1mSELECT  "locations".* FROM "locations" WHERE "locations"."id" = ? LIMIT 1[0m  [["id", 1]]
D, [2016-05-17T17:48:26.449047 #8214] DEBUG -- :   [1m[35mPass Load (0.1ms)[0m  SELECT "passes".* FROM "passes" WHERE "passes"."salon_id" = ?  [["salon_id", 1]]
I, [2016-05-17T17:48:26.449923 #8214]  INFO -- :   Rendered passes/_pass.html.erb (0.5ms)
I, [2016-05-17T17:48:26.451781 #8214]  INFO -- :   Rendered passes/_form.html.erb (1.7ms)
I, [2016-05-17T17:48:26.451878 #8214]  INFO -- :   Rendered salons/show.html.erb within layouts/application (4.3ms)
I, [2016-05-17T17:48:26.452347 #8214]  INFO -- : Completed 200 OK in 6ms (Views: 4.8ms | ActiveRecord: 0.3ms)
I, [2016-05-17T17:48:27.708923 #8214]  INFO -- : Started GET "/salons/1" for 163.44.173.124 at 2016-05-17 17:48:27 +0800
I, [2016-05-17T17:48:27.710006 #8214]  INFO -- : Processing by SalonsController#show as HTML
I, [2016-05-17T17:48:27.710092 #8214]  INFO -- :   Parameters: {"id"=>"1"}
D, [2016-05-17T17:48:27.711212 #8214] DEBUG -- :   [1m[36mSalon Load (0.2ms)[0m  [1mSELECT  "salons".* FROM "salons" WHERE "salons"."id" = ? LIMIT 1[0m  [["id", 1]]
D, [2016-05-17T17:48:27.713090 #8214] DEBUG -- :   [1m[35mLocation Load (0.1ms)[0m  SELECT  "locations".* FROM "locations" WHERE "locations"."id" = ? LIMIT 1  [["id", 1]]
D, [2016-05-17T17:48:27.714497 #8214] DEBUG -- :   [1m[36mPass Load (0.1ms)[0m  [1mSELECT "passes".* FROM "passes" WHERE "passes"."salon_id" = ?[0m  [["salon_id", 1]]
I, [2016-05-17T17:48:27.716243 #8214]  INFO -- :   Rendered passes/_pass.html.erb (1.2ms)
I, [2016-05-17T17:48:27.720633 #8214]  INFO -- :   Rendered passes/_form.html.erb (4.2ms)
I, [2016-05-17T17:48:27.720790 #8214]  INFO -- :   Rendered salons/show.html.erb within layouts/application (8.8ms)
I, [2016-05-17T17:48:27.721708 #8214]  INFO -- : Completed 200 OK in 12ms (Views: 9.8ms | ActiveRecord: 0.4ms)
I, [2016-05-17T17:50:11.317750 #8214]  INFO -- : Started GET "/salons/1" for 163.44.173.124 at 2016-05-17 17:50:11 +0800
I, [2016-05-17T17:50:11.318550 #8214]  INFO -- : Processing by SalonsController#show as HTML
I, [2016-05-17T17:50:11.318608 #8214]  INFO -- :   Parameters: {"id"=>"1"}
D, [2016-05-17T17:50:11.319395 #8214] DEBUG -- :   [1m[35mSalon Load (0.1ms)[0m  SELECT  "salons".* FROM "salons" WHERE "salons"."id" = ? LIMIT 1  [["id", 1]]
D, [2016-05-17T17:50:11.321254 #8214] DEBUG -- :   [1m[36mLocation Load (0.1ms)[0m  [1mSELECT  "locations".* FROM "locations" WHERE "locations"."id" = ? LIMIT 1[0m  [["id", 1]]
D, [2016-05-17T17:50:11.322290 #8214] DEBUG -- :   [1m[35mPass Load (0.1ms)[0m  SELECT "passes".* FROM "passes" WHERE "passes"."salon_id" = ?  [["salon_id", 1]]
I, [2016-05-17T17:50:11.323364 #8214]  INFO -- :   Rendered passes/_pass.html.erb (0.7ms)
I, [2016-05-17T17:50:11.326272 #8214]  INFO -- :   Rendered passes/_form.html.erb (2.8ms)
I, [2016-05-17T17:50:11.326365 #8214]  INFO -- :   Rendered salons/show.html.erb within layouts/application (6.4ms)
I, [2016-05-17T17:50:11.327083 #8214]  INFO -- : Completed 200 OK in 8ms (Views: 7.2ms | ActiveRecord: 0.2ms)
I, [2016-05-17T17:50:12.367338 #8214]  INFO -- : Started GET "/salons/1" for 163.44.173.124 at 2016-05-17 17:50:12 +0800
I, [2016-05-17T17:50:12.368423 #8214]  INFO -- : Processing by SalonsController#show as HTML
I, [2016-05-17T17:50:12.368551 #8214]  INFO -- :   Parameters: {"id"=>"1"}
D, [2016-05-17T17:50:12.370025 #8214] DEBUG -- :   [1m[36mSalon Load (0.2ms)[0m  [1mSELECT  "salons".* FROM "salons" WHERE "salons"."id" = ? LIMIT 1[0m  [["id", 1]]
D, [2016-05-17T17:50:12.372365 #8214] DEBUG -- :   [1m[35mLocation Load (0.1ms)[0m  SELECT  "locations".* FROM "locations" WHERE "locations"."id" = ? LIMIT 1  [["id", 1]]
D, [2016-05-17T17:50:12.374128 #8214] DEBUG -- :   [1m[36mPass Load (0.1ms)[0m  [1mSELECT "passes".* FROM "passes" WHERE "passes"."salon_id" = ?[0m  [["salon_id", 1]]
I, [2016-05-17T17:50:12.376185 #8214]  INFO -- :   Rendered passes/_pass.html.erb (1.4ms)
I, [2016-05-17T17:50:12.380782 #8214]  INFO -- :   Rendered passes/_form.html.erb (4.3ms)
I, [2016-05-17T17:50:12.381655 #8214]  INFO -- :   Rendered salons/show.html.erb within layouts/application (10.1ms)
I, [2016-05-17T17:50:12.382453 #8214]  INFO -- : Completed 200 OK in 14ms (Views: 11.7ms | ActiveRecord: 0.4ms)
I, [2016-05-17T17:50:13.584833 #8217]  INFO -- : Started GET "/salons/1" for 163.44.173.124 at 2016-05-17 17:50:13 +0800
I, [2016-05-17T17:50:13.585843 #8217]  INFO -- : Processing by SalonsController#show as HTML
I, [2016-05-17T17:50:13.585965 #8217]  INFO -- :   Parameters: {"id"=>"1"}
D, [2016-05-17T17:50:13.586988 #8217] DEBUG -- :   [1m[35mSalon Load (0.1ms)[0m  SELECT  "salons".* FROM "salons" WHERE "salons"."id" = ? LIMIT 1  [["id", 1]]
D, [2016-05-17T17:50:13.588951 #8217] DEBUG -- :   [1m[36mLocation Load (0.1ms)[0m  [1mSELECT  "locations".* FROM "locations" WHERE "locations"."id" = ? LIMIT 1[0m  [["id", 1]]
D, [2016-05-17T17:50:13.590369 #8217] DEBUG -- :   [1m[35mPass Load (0.2ms)[0m  SELECT "passes".* FROM "passes" WHERE "passes"."salon_id" = ?  [["salon_id", 1]]
I, [2016-05-17T17:50:13.591939 #8217]  INFO -- :   Rendered passes/_pass.html.erb (1.0ms)
I, [2016-05-17T17:50:13.595393 #8217]  INFO -- :   Rendered passes/_form.html.erb (3.2ms)
I, [2016-05-17T17:50:13.595623 #8217]  INFO -- :   Rendered salons/show.html.erb within layouts/application (7.8ms)
I, [2016-05-17T17:50:13.596378 #8217]  INFO -- : Completed 200 OK in 10ms (Views: 8.6ms | ActiveRecord: 0.4ms)
I, [2016-05-17T17:51:09.809801 #8214]  INFO -- : Started GET "/salons/1" for 163.44.173.124 at 2016-05-17 17:51:09 +0800
I, [2016-05-17T17:51:09.811663 #8214]  INFO -- : Processing by SalonsController#show as HTML
I, [2016-05-17T17:51:09.811755 #8214]  INFO -- :   Parameters: {"id"=>"1"}
D, [2016-05-17T17:51:09.812794 #8214] DEBUG -- :   [1m[35mSalon Load (0.1ms)[0m  SELECT  "salons".* FROM "salons" WHERE "salons"."id" = ? LIMIT 1  [["id", 1]]
D, [2016-05-17T17:51:09.815173 #8214] DEBUG -- :   [1m[36mLocation Load (0.1ms)[0m  [1mSELECT  "locations".* FROM "locations" WHERE "locations"."id" = ? LIMIT 1[0m  [["id", 1]]
D, [2016-05-17T17:51:09.816820 #8214] DEBUG -- :   [1m[35mPass Load (0.1ms)[0m  SELECT "passes".* FROM "passes" WHERE "passes"."salon_id" = ?  [["salon_id", 1]]
I, [2016-05-17T17:51:09.819013 #8214]  INFO -- :   Rendered passes/_pass.html.erb (1.2ms)
I, [2016-05-17T17:51:09.823038 #8214]  INFO -- :   Rendered passes/_form.html.erb (3.8ms)
I, [2016-05-17T17:51:09.823157 #8214]  INFO -- :   Rendered salons/show.html.erb within layouts/application (9.0ms)
I, [2016-05-17T17:51:09.824233 #8214]  INFO -- : Completed 200 OK in 12ms (Views: 10.8ms | ActiveRecord: 0.4ms)
I, [2016-05-17T17:51:10.878614 #8214]  INFO -- : Started GET "/salons/1" for 163.44.173.124 at 2016-05-17 17:51:10 +0800
I, [2016-05-17T17:51:10.879351 #8214]  INFO -- : Processing by SalonsController#show as HTML
I, [2016-05-17T17:51:10.879405 #8214]  INFO -- :   Parameters: {"id"=>"1"}
D, [2016-05-17T17:51:10.880096 #8214] DEBUG -- :   [1m[36mSalon Load (0.1ms)[0m  [1mSELECT  "salons".* FROM "salons" WHERE "salons"."id" = ? LIMIT 1[0m  [["id", 1]]
D, [2016-05-17T17:51:10.881539 #8214] DEBUG -- :   [1m[35mLocation Load (0.1ms)[0m  SELECT  "locations".* FROM "locations" WHERE "locations"."id" = ? LIMIT 1  [["id", 1]]
D, [2016-05-17T17:51:10.882493 #8214] DEBUG -- :   [1m[36mPass Load (0.1ms)[0m  [1mSELECT "passes".* FROM "passes" WHERE "passes"."salon_id" = ?[0m  [["salon_id", 1]]
I, [2016-05-17T17:51:10.883552 #8214]  INFO -- :   Rendered passes/_pass.html.erb (0.8ms)
I, [2016-05-17T17:51:10.886369 #8214]  INFO -- :   Rendered passes/_form.html.erb (2.7ms)
I, [2016-05-17T17:51:10.886452 #8214]  INFO -- :   Rendered salons/show.html.erb within layouts/application (5.5ms)
I, [2016-05-17T17:51:10.887189 #8214]  INFO -- : Completed 200 OK in 8ms (Views: 6.4ms | ActiveRecord: 0.3ms)
I, [2016-05-17T17:53:14.954226 #8214]  INFO -- : Started GET "/salons/1" for 119.81.144.220 at 2016-05-17 17:53:14 +0800
I, [2016-05-17T17:53:14.955862 #8214]  INFO -- : Processing by SalonsController#show as HTML
I, [2016-05-17T17:53:14.955946 #8214]  INFO -- :   Parameters: {"id"=>"1"}
D, [2016-05-17T17:53:14.956796 #8214] DEBUG -- :   [1m[35mSalon Load (0.2ms)[0m  SELECT  "salons".* FROM "salons" WHERE "salons"."id" = ? LIMIT 1  [["id", 1]]
D, [2016-05-17T17:53:14.958927 #8214] DEBUG -- :   [1m[36mLocation Load (0.1ms)[0m  [1mSELECT  "locations".* FROM "locations" WHERE "locations"."id" = ? LIMIT 1[0m  [["id", 1]]
D, [2016-05-17T17:53:14.960441 #8214] DEBUG -- :   [1m[35mPass Load (0.1ms)[0m  SELECT "passes".* FROM "passes" WHERE "passes"."salon_id" = ?  [["salon_id", 1]]
I, [2016-05-17T17:53:14.962829 #8214]  INFO -- :   Rendered passes/_pass.html.erb (1.4ms)
I, [2016-05-17T17:53:14.967375 #8214]  INFO -- :   Rendered passes/_form.html.erb (4.3ms)
I, [2016-05-17T17:53:14.967547 #8214]  INFO -- :   Rendered salons/show.html.erb within layouts/application (9.6ms)
I, [2016-05-17T17:53:14.968719 #8214]  INFO -- : Completed 200 OK in 13ms (Views: 11.3ms | ActiveRecord: 0.3ms)
I, [2016-05-17T17:53:17.973727 #8217]  INFO -- : Started GET "/passes/1" for 119.81.144.220 at 2016-05-17 17:53:17 +0800
I, [2016-05-17T17:53:17.974544 #8217]  INFO -- : Processing by PassesController#show as HTML
I, [2016-05-17T17:53:17.974599 #8217]  INFO -- :   Parameters: {"id"=>"1"}
D, [2016-05-17T17:53:17.975333 #8217] DEBUG -- :   [1m[36mPass Load (0.1ms)[0m  [1mSELECT  "passes".* FROM "passes" WHERE "passes"."id" = ? LIMIT 1[0m  [["id", 1]]
D, [2016-05-17T17:53:17.976057 #8217] DEBUG -- :   [1m[35mSalon Load (0.1ms)[0m  SELECT  "salons".* FROM "salons" WHERE "salons"."id" = ? LIMIT 1  [["id", 1]]
D, [2016-05-17T17:53:17.976636 #8217] DEBUG -- :   [1m[36mLocation Load (0.1ms)[0m  [1mSELECT  "locations".* FROM "locations" WHERE "locations"."id" = ? LIMIT 1[0m  [["id", 1]]
I, [2016-05-17T17:53:17.987414 #8217]  INFO -- : Sent file /root/PassServer/public/assets/passes//6c17682a0962bc4f3b6ff8c03cf4e111.pkpass (0.1ms)
I, [2016-05-17T17:53:17.987590 #8217]  INFO -- : Completed 200 OK in 13ms (ActiveRecord: 0.3ms)
I, [2016-05-17T17:53:19.576143 #8217]  INFO -- : Started GET "/passes/1" for 119.81.144.220 at 2016-05-17 17:53:19 +0800
I, [2016-05-17T17:53:19.577111 #8217]  INFO -- : Processing by PassesController#show as HTML
I, [2016-05-17T17:53:19.577184 #8217]  INFO -- :   Parameters: {"id"=>"1"}
D, [2016-05-17T17:53:19.578190 #8217] DEBUG -- :   [1m[35mPass Load (0.1ms)[0m  SELECT  "passes".* FROM "passes" WHERE "passes"."id" = ? LIMIT 1  [["id", 1]]
D, [2016-05-17T17:53:19.582497 #8217] DEBUG -- :   [1m[36mSalon Load (0.1ms)[0m  [1mSELECT  "salons".* FROM "salons" WHERE "salons"."id" = ? LIMIT 1[0m  [["id", 1]]
D, [2016-05-17T17:53:19.583275 #8217] DEBUG -- :   [1m[35mLocation Load (0.1ms)[0m  SELECT  "locations".* FROM "locations" WHERE "locations"."id" = ? LIMIT 1  [["id", 1]]
I, [2016-05-17T17:53:19.597017 #8217]  INFO -- : Sent file /root/PassServer/public/assets/passes//6c17682a0962bc4f3b6ff8c03cf4e111.pkpass (0.1ms)
I, [2016-05-17T17:53:19.597211 #8217]  INFO -- : Completed 200 OK in 20ms (ActiveRecord: 0.3ms)
I, [2016-05-17T17:53:22.854625 #8217]  INFO -- : Started GET "/passes/1" for 119.81.144.220 at 2016-05-17 17:53:22 +0800
I, [2016-05-17T17:53:22.855369 #8217]  INFO -- : Processing by PassesController#show as HTML
I, [2016-05-17T17:53:22.855425 #8217]  INFO -- :   Parameters: {"id"=>"1"}
D, [2016-05-17T17:53:22.856165 #8217] DEBUG -- :   [1m[36mPass Load (0.1ms)[0m  [1mSELECT  "passes".* FROM "passes" WHERE "passes"."id" = ? LIMIT 1[0m  [["id", 1]]
D, [2016-05-17T17:53:22.856892 #8217] DEBUG -- :   [1m[35mSalon Load (0.1ms)[0m  SELECT  "salons".* FROM "salons" WHERE "salons"."id" = ? LIMIT 1  [["id", 1]]
D, [2016-05-17T17:53:22.857509 #8217] DEBUG -- :   [1m[36mLocation Load (0.1ms)[0m  [1mSELECT  "locations".* FROM "locations" WHERE "locations"."id" = ? LIMIT 1[0m  [["id", 1]]
I, [2016-05-17T17:53:22.869211 #8217]  INFO -- : Sent file /root/PassServer/public/assets/passes//6c17682a0962bc4f3b6ff8c03cf4e111.pkpass (0.1ms)
I, [2016-05-17T17:53:22.869374 #8217]  INFO -- : Completed 200 OK in 14ms (ActiveRecord: 0.3ms)
I, [2016-05-17T17:53:38.501390 #8217]  INFO -- : Started GET "/passes/1" for 119.81.144.220 at 2016-05-17 17:53:38 +0800
I, [2016-05-17T17:53:38.502202 #8217]  INFO -- : Processing by PassesController#show as HTML
I, [2016-05-17T17:53:38.502256 #8217]  INFO -- :   Parameters: {"id"=>"1"}
D, [2016-05-17T17:53:38.503005 #8217] DEBUG -- :   [1m[35mPass Load (0.1ms)[0m  SELECT  "passes".* FROM "passes" WHERE "passes"."id" = ? LIMIT 1  [["id", 1]]
D, [2016-05-17T17:53:38.503711 #8217] DEBUG -- :   [1m[36mSalon Load (0.1ms)[0m  [1mSELECT  "salons".* FROM "salons" WHERE "salons"."id" = ? LIMIT 1[0m  [["id", 1]]
D, [2016-05-17T17:53:38.504232 #8217] DEBUG -- :   [1m[35mLocation Load (0.1ms)[0m  SELECT  "locations".* FROM "locations" WHERE "locations"."id" = ? LIMIT 1  [["id", 1]]
I, [2016-05-17T17:53:38.515235 #8217]  INFO -- : Sent file /root/PassServer/public/assets/passes//6c17682a0962bc4f3b6ff8c03cf4e111.pkpass (0.1ms)
I, [2016-05-17T17:53:38.515371 #8217]  INFO -- : Completed 200 OK in 13ms (ActiveRecord: 0.2ms)
I, [2016-05-17T17:53:46.298048 #8214]  INFO -- : Started GET "/passes/1.pkpass" for 119.81.144.220 at 2016-05-17 17:53:46 +0800
I, [2016-05-17T17:53:46.298943 #8214]  INFO -- : Processing by PassesController#show as PKPASS
I, [2016-05-17T17:53:46.298999 #8214]  INFO -- :   Parameters: {"id"=>"1"}
D, [2016-05-17T17:53:46.300084 #8214] DEBUG -- :   [1m[36mPass Load (0.1ms)[0m  [1mSELECT  "passes".* FROM "passes" WHERE "passes"."id" = ? LIMIT 1[0m  [["id", 1]]
D, [2016-05-17T17:53:46.300697 #8214] DEBUG -- :   [1m[35mSalon Load (0.1ms)[0m  SELECT  "salons".* FROM "salons" WHERE "salons"."id" = ? LIMIT 1  [["id", 1]]
D, [2016-05-17T17:53:46.301526 #8214] DEBUG -- :   [1m[36mLocation Load (0.1ms)[0m  [1mSELECT  "locations".* FROM "locations" WHERE "locations"."id" = ? LIMIT 1[0m  [["id", 1]]
I, [2016-05-17T17:53:46.313457 #8214]  INFO -- : Sent file /root/PassServer/public/assets/passes//6c17682a0962bc4f3b6ff8c03cf4e111.pkpass (0.1ms)
I, [2016-05-17T17:53:46.313678 #8214]  INFO -- : Completed 200 OK in 15ms (ActiveRecord: 0.2ms)
