[ ok ] Creating pass data from template.
Raw pass has manifest? false
Raw pass has signature? false
Creating temp dir at /tmp/d20160517-8214-tc6k0l
Copying pass to temp directory.
Cleaning .DS_Store files
Generating JSON manifest
Signing the manifest
Compressing the pass
[ ok ] Deleting existing pass data.
[ ok ] Creating pass data from template.
Raw pass has manifest? false
Raw pass has signature? false
Creating temp dir at /tmp/d20160517-8214-odfc9g
Copying pass to temp directory.
Cleaning .DS_Store files
Generating JSON manifest
Signing the manifest
Compressing the pass
[ ok ] Deleting existing pass data.
[ ok ] Creating pass data from template.
Raw pass has manifest? false
Raw pass has signature? false
Creating temp dir at /tmp/d20160517-8214-gsbj35
Copying pass to temp directory.
Cleaning .DS_Store files
Generating JSON manifest
Signing the manifest
Compressing the pass
[ ok ] Deleting existing pass data.
[ ok ] Creating pass data from template.
Raw pass has manifest? false
Raw pass has signature? false
Creating temp dir at /tmp/d20160517-8214-waljii
Copying pass to temp directory.
Cleaning .DS_Store files
Generating JSON manifest
Signing the manifest
Compressing the pass
[ ok ] Deleting existing pass data.
[ ok ] Creating pass data from template.
Raw pass has manifest? false
Raw pass has signature? false
Creating temp dir at /tmp/d20160517-8214-nad2xv
Copying pass to temp directory.
Cleaning .DS_Store files
Generating JSON manifest
Signing the manifest
Compressing the pass
[ ok ] Deleting existing pass data.
[ ok ] Creating pass data from template.
Raw pass has manifest? false
Raw pass has signature? false
Creating temp dir at /tmp/d20160517-8214-1kecwbl
Copying pass to temp directory.
Cleaning .DS_Store files
Generating JSON manifest
Signing the manifest
Compressing the pass
[ ok ] Deleting existing pass data.
[ ok ] Creating pass data from template.
Raw pass has manifest? false
Raw pass has signature? false
Creating temp dir at /tmp/d20160517-8217-1totkne
Copying pass to temp directory.
Cleaning .DS_Store files
Generating JSON manifest
Signing the manifest
Compressing the pass
[ ok ] Deleting existing pass data.
[ ok ] Creating pass data from template.
Raw pass has manifest? false
Raw pass has signature? false
Creating temp dir at /tmp/d20160517-8214-c6pj7v
Copying pass to temp directory.
Cleaning .DS_Store files
Generating JSON manifest
Signing the manifest
Compressing the pass
[ ok ] Deleting existing pass data.
[ ok ] Creating pass data from template.
Raw pass has manifest? false
Raw pass has signature? false
Creating temp dir at /tmp/d20160517-8214-1kd9p0w
Copying pass to temp directory.
Cleaning .DS_Store files
Generating JSON manifest
Signing the manifest
Compressing the pass
[ ok ] Deleting existing pass data.
[ ok ] Creating pass data from template.
Raw pass has manifest? false
Raw pass has signature? false
Creating temp dir at /tmp/d20160517-8214-81t352
Copying pass to temp directory.
Cleaning .DS_Store files
Generating JSON manifest
Signing the manifest
Compressing the pass
[ ok ] Creating pass data from template.
Raw pass has manifest? false
Raw pass has signature? false
Creating temp dir at /tmp/d20160517-8217-12k5vlb
Copying pass to temp directory.
Cleaning .DS_Store files
Generating JSON manifest
Signing the manifest
Compressing the pass
[ ok ] Deleting existing pass data.
[ ok ] Creating pass data from template.
Raw pass has manifest? false
Raw pass has signature? false
Creating temp dir at /tmp/d20160517-8214-1kz0npd
Copying pass to temp directory.
Cleaning .DS_Store files
Generating JSON manifest
Signing the manifest
Compressing the pass
[ ok ] Deleting existing pass data.
[ ok ] Creating pass data from template.
Raw pass has manifest? false
Raw pass has signature? false
Creating temp dir at /tmp/d20160517-8217-1pwpq4t
Copying pass to temp directory.
Cleaning .DS_Store files
Generating JSON manifest
Signing the manifest
Compressing the pass
[ ok ] Deleting existing pass data.
[ ok ] Creating pass data from template.
Raw pass has manifest? false
Raw pass has signature? false
Creating temp dir at /tmp/d20160517-8217-epuaz8
Copying pass to temp directory.
Cleaning .DS_Store files
Generating JSON manifest
Signing the manifest
Compressing the pass
[ ok ] Deleting existing pass data.
[ ok ] Creating pass data from template.
Raw pass has manifest? false
Raw pass has signature? false
Creating temp dir at /tmp/d20160517-8217-1xvvdtz
Copying pass to temp directory.
Cleaning .DS_Store files
Generating JSON manifest
Signing the manifest
Compressing the pass
[ ok ] Deleting existing pass data.
[ ok ] Creating pass data from template.
Raw pass has manifest? false
Raw pass has signature? false
Creating temp dir at /tmp/d20160517-8217-1ehht6d
Copying pass to temp directory.
Cleaning .DS_Store files
Generating JSON manifest
Signing the manifest
Compressing the pass
[ ok ] Deleting existing pass data.
[ ok ] Creating pass data from template.
Raw pass has manifest? false
Raw pass has signature? false
Creating temp dir at /tmp/d20160517-8214-nj3bco
Copying pass to temp directory.
Cleaning .DS_Store files
Generating JSON manifest
Signing the manifest
Compressing the pass
